This is pdfTeX, Version 3.14159265-2.6-1.40.19 (MiKTeX 2.9.6630 64-bit) (preloaded format=pdflatex 2018.5.11)  17 MAY 2018 00:11
entering extended mode
**./Thesis3.tex
(Thesis3.tex
LaTeX2e <2017-04-15>
Babel <3.18> and hyphenation patterns for 75 language(s) loaded.
(FITthesis.cls
Document Class: FITthesis 2018/03/12 CTU FIT standard class for theses

("C:\Users\Jakovcheski\AppData\Local\Programs\MiKTeX 2.9\tex\latex\memoir\memoi
r.cls"
Document Class: memoir 2018/04/04 v3.7g configurable book, report, article docu
ment class
\onelineskip=\skip41
\lxvchars=\skip42
\xlvchars=\skip43
\@memcnta=\count79
\c@@memmarkcntra=\count80

("C:\Users\Jakovcheski\AppData\Local\Programs\MiKTeX 2.9\tex\generic\oberdiek\i
fpdf.sty"
Package: ifpdf 2017/03/15 v3.2 Provides the ifpdf switch
)
("C:\Users\Jakovcheski\AppData\Local\Programs\MiKTeX 2.9\tex\latex\ifetex\ifete
x.sty"
Package: ifetex 2018/03/31 v1.2a ifetex

("C:\Users\Jakovcheski\AppData\Local\Programs\MiKTeX 2.9\tex\plain\ifetex\ifete
x.tex"))
("C:\Users\Jakovcheski\AppData\Local\Programs\MiKTeX 2.9\tex\generic\ifxetex\if
xetex.sty"
Package: ifxetex 2010/09/12 v0.6 Provides ifxetex conditional
)
("C:\Users\Jakovcheski\AppData\Local\Programs\MiKTeX 2.9\tex\generic\oberdiek\i
fluatex.sty"
Package: ifluatex 2016/05/16 v1.4 Provides the ifluatex switch (HO)
Package ifluatex Info: LuaTeX not detected.
)
\stockheight=\skip44
\stockwidth=\skip45
\trimtop=\skip46
\trimedge=\skip47

("C:\Users\Jakovcheski\AppData\Local\Programs\MiKTeX 2.9\tex\latex\memoir\mem11
.clo"
File: mem11.clo 2008/01/30 v0.3 memoir class 11pt size option
)
\binding=\skip48
\spinemargin=\skip49
\foremargin=\skip50
\uppermargin=\skip51
\lowermargin=\skip52
\headdrop=\skip53
\normalrulethickness=\skip54
\mem@maxheadheight=\skip55
\mem@maxfootheight=\skip56
\headwidth=\skip57
\c@storedpagenumber=\count81
\memPD=\dimen102
\m@mabparskip=\skip58
\thanksmarkwidth=\skip59
\thanksmarksep=\skip60
\droptitle=\skip61
\c@book=\count82
\c@part=\count83
\c@chapter=\count84
\c@section=\count85
\c@subsection=\count86
\c@subsubsection=\count87
\c@paragraph=\count88
\c@subparagraph=\count89
\beforechapskip=\skip62
\midchapskip=\skip63
\afterchapskip=\skip64
\chapindent=\skip65
\bottomsectionskip=\skip66
\secindent=\skip67
\beforesecskip=\skip68
\aftersecskip=\skip69
\subsecindent=\skip70
\beforesubsecskip=\skip71
\aftersubsecskip=\skip72
\subsubsecindent=\skip73
\beforesubsubsecskip=\skip74
\aftersubsubsecskip=\skip75
\paraindent=\skip76
\beforeparaskip=\skip77
\afterparaskip=\skip78
\subparaindent=\skip79
\beforesubparaskip=\skip80
\aftersubparaskip=\skip81
\pfbreakskip=\skip82
\c@@ppsavesec=\count90
\c@@ppsaveapp=\count91
\ragrparindent=\dimen103
\everylistparindent=\dimen104
\parsepi=\skip83
\topsepi=\skip84
\itemsepi=\skip85
\parsepii=\skip86
\topsepii=\skip87
\topsepiii=\skip88
\itemsepii=\skip89
\itemsepiii=\skip90
\partopsepii=\skip91
\partopsepiii=\skip92
\m@msavetopsep=\skip93
\m@msavepartopsep=\skip94
\@enLab=\toks14
\abstitleskip=\skip95
\absleftindent=\skip96
\abs@leftindent=\dimen105
\absrightindent=\skip97
\absparindent=\skip98
\absparsep=\skip99
\c@vslineno=\count92
\c@poemline=\count93
\c@modulo@vs=\count94
\c@memfvsline=\count95
\vleftskip=\skip100
\vrightskip=\skip101
\stanzaskip=\skip102
\versewidth=\skip103
\vgap=\skip104
\vindent=\skip105
\vleftmargin=\dimen106
\c@verse=\count96
\c@chrsinstr=\count97
\beforepoemtitleskip=\skip106
\afterpoemtitleskip=\skip107
\c@poem=\count98
\beforePoemTitleskip=\skip108
\midPoemTitleskip=\skip109
\afterPoemTitleskip=\skip110
\col@sep=\dimen107
\extrarowheight=\dimen108
\NC@list=\toks15
\extratabsurround=\skip111
\backup@length=\skip112
\TX@col@width=\dimen109
\TX@old@table=\dimen110
\TX@old@col=\dimen111
\TX@target=\dimen112
\TX@delta=\dimen113
\TX@cols=\count99
\TX@ftn=\toks16
\heavyrulewidth=\dimen114
\lightrulewidth=\dimen115
\cmidrulewidth=\dimen116
\belowrulesep=\dimen117
\belowbottomsep=\dimen118
\aboverulesep=\dimen119
\abovetopsep=\dimen120
\cmidrulesep=\dimen121
\cmidrulekern=\dimen122
\defaultaddspace=\dimen123
\@cmidla=\count100
\@cmidlb=\count101
\@aboverulesep=\dimen124
\@belowrulesep=\dimen125
\@thisruleclass=\count102
\@lastruleclass=\count103
\@thisrulewidth=\dimen126
\ctableftskip=\skip113
\ctabrightskip=\skip114
\abovecolumnspenalty=\count104
\@linestogo=\count105
\@cellstogo=\count106
\@cellsincolumn=\count107
\crtok=\toks17
\@mincolumnwidth=\dimen127
\c@newflo@tctr=\count108
\mem@margin@floatbox=\box26
\@contcwidth=\skip115
\@contindw=\skip116
\abovecaptionskip=\skip117
\belowcaptionskip=\skip118
\subfloattopskip=\skip119
\subfloatcapskip=\skip120
\subfloatcaptopadj=\skip121
\subfloatbottomskip=\skip122
\subfloatlabelskip=\skip123
\subfloatcapmargin=\dimen128
\c@@contsubnum=\count109
\m@mscap@capbox=\box27
\m@mscap@fbox=\box28
\sidecapsep=\dimen129
\sidecapwidth=\dimen130
\m@m@tempdima=\dimen131
\m@mscapraise=\dimen132
\sidecapraise=\dimen133
\m@mscapmainwidth=\dimen134
\m@mscaplkern=\dimen135
\beforeepigraphskip=\skip124
\afterepigraphskip=\skip125
\epigraphwidth=\skip126
\epigraphrule=\skip127
LaTeX Info: Redefining \em on input line 7578.
LaTeX Info: Redefining \emph on input line 7586.
\tocentryskip=\skip128
\tocbaseline=\skip129
\cftparskip=\skip130
\cftbeforebookskip=\skip131
\cftbookindent=\dimen136
\cftbooknumwidth=\dimen137
\cftbeforepartskip=\skip132
\cftpartindent=\skip133
\cftpartnumwidth=\skip134
\cftbeforechapterskip=\skip135
\cftchapterindent=\skip136
\cftchapternumwidth=\skip137
\cftbeforesectionskip=\skip138
\cftsectionindent=\skip139
\cftsectionnumwidth=\skip140
\cftbeforesubsectionskip=\skip141
\cftsubsectionindent=\skip142
\cftsubsectionnumwidth=\skip143
\cftbeforesubsubsectionskip=\skip144
\cftsubsubsectionindent=\skip145
\cftsubsubsectionnumwidth=\skip146
\cftbeforeparagraphskip=\skip147
\cftparagraphindent=\skip148
\cftparagraphnumwidth=\skip149
\cftbeforesubparagraphskip=\skip150
\cftsubparagraphindent=\skip151
\cftsubparagraphnumwidth=\skip152
\prechapterprecisshift=\dimen138
\c@maxsecnumdepth=\count110
\bibindent=\dimen139
\bibitemsep=\skip153
\indexcolsep=\skip154
\indexrule=\skip155
\indexmarkstyle=\toks18
\@indexbox=\insert199
\glossarycolsep=\dimen140
\glossaryrule=\dimen141
\sideparvshift=\skip156
\sideins=\insert198
\sidebartopsep=\skip157
\sidebarhsep=\skip158
\sidebarvsep=\skip159
\sidebarwidth=\skip160
\footmarkwidth=\skip161
\footmarksep=\skip162
\footparindent=\skip163
\footinsdim=\skip164
\footinsv@r=\insert197
\@mpfootinsv@r=\insert196
\m@m@k=\count111
\m@m@h=\dimen142
\m@mipn@skip=\skip165
\sidefootins=\insert195
\sidefootadjust=\skip166
\sidefootheight=\skip167
\sidefoothsep=\skip168
\sidefootvsep=\skip169
\sidefootwidth=\skip170
\m@mdownsf=\skip171
\c@sidefootnote=\count112
\sidefootmarkwidth=\skip172
\sidefootmarksep=\skip173
\sidefootparindent=\skip174
\c@pagenote=\count113
\c@pagenoteshadow=\count114
\mem@pn@lastkern=\skip175
\every@verbatim=\toks19
\afterevery@verbatim=\toks20
\verbatim@line=\toks21
\tab@position=\count115
\verbatim@in@stream=\read1
\verbatimindent=\skip176
\verbatim@out=\write3
\bvboxsep=\skip177
\c@memfbvline=\count116
\c@bvlinectr=\count117
\bvnumlength=\skip178
\fb@frw=\dimen143
\fb@frh=\dimen144
\FrameRule=\dimen145
\FrameSep=\dimen146
\c@cp@cntr=\count118
LaTeX Info: Redefining \: on input line 12100.
LaTeX Info: Redefining \! on input line 12102.
\c@ism@mctr=\count119
\c@xsm@mctr=\count120
\c@csm@mctr=\count121
\c@ksm@mctr=\count122
\c@xksm@mctr=\count123
\c@cksm@mctr=\count124
\c@msm@mctr=\count125
\c@xmsm@mctr=\count126
\c@cmsm@mctr=\count127
\c@bsm@mctr=\count128
\c@workm@mctr=\count129
\c@sheetsequence=\count130
\c@lastsheet=\count131
\c@lastpage=\count132
\c@figure=\count133
\c@lofdepth=\count134
\cftbeforefigureskip=\skip179
\cftfigureindent=\skip180
\cftfigurenumwidth=\skip181
\c@table=\count135
\c@lotdepth=\count136
\cftbeforetableskip=\skip182
\cfttableindent=\skip183
\cfttablenumwidth=\skip184
Package abstract [2008/07/23] emulated by memoir.
Package appendix [2008/07/23] emulated by memoir.
Package array [2016/10/06] emulated by memoir.
Package booktabs [2016/05/16] emulated by memoir.
Package ccaption [2008/07/23] emulated by memoir.
Package changepage [2008/07/23] emulated by memoir.
Package chngcntr [2008/07/23] emulated by memoir.
Package chngpage [2008/07/23] emulated by memoir.
Package crop emulated by memoir.
Package dcolumn [2008/07/23] emulated by memoir.
Package delarray [2014/10/28] emulated by memoir.
Package enumerate [2008/07/23] emulated by memoir.
Package epigraph [2008/07/23] emulated by memoir.
Package ifmtarg [2008/07/23] emulated by memoir.
Package index [2008/07/23] emulated by memoir.
Package makeidx [2008/07/23] emulated by memoir.
Package moreverb [2008/07/23] emulated by memoir.
Package mparhack [2008/07/23] emulated by memoir.
Package needspace [2008/07/23] emulated by memoir.
Package newfile [2008/07/23] emulated by memoir.
Package nextpage [2008/07/23] emulated by memoir.
Package pagenote [2008/07/23] emulated by memoir.
Package parskip [2008/07/23] emulated by memoir.
Package patchcmd [2008/07/23] emulated by memoir.
Package setspace [2008/07/23] emulated by memoir.
Package shortvrb [2008/07/23] emulated by memoir.
Package showidx [2008/07/23] emulated by memoir.
Package tabularx [2016/02/03] emulated by memoir.
Package titleref [2008/07/23] emulated by memoir.
Package titling [2008/07/23] emulated by memoir.
Package tocbibind [2008/07/23] emulated by memoir.
Package tocloft [2008/07/23] emulated by memoir.
Package tocvsec2 [2008/07/23] emulated by memoir.
Package verbatim [2008/07/23] emulated by memoir.
Package verse [2008/07/23] emulated by memoir.
)
("C:\Users\Jakovcheski\AppData\Local\Programs\MiKTeX 2.9\tex\generic\babel\babe
l.sty"
Package: babel 2018/02/14 3.18 The Babel package

("C:\Users\Jakovcheski\AppData\Local\Programs\MiKTeX 2.9\tex\generic\babel\swit
ch.def"
File: switch.def 2018/02/14 3.18 Babel switching mechanism
)
*************************************
* Local config file bblopts.cfg used
*

("C:\Users\Jakovcheski\AppData\Local\Programs\MiKTeX 2.9\tex\latex\arabi\bblopt
s.cfg"
File: bblopts.cfg 2005/09/08 v0.1 add Arabic and Farsi to "declared" options of
 babel
)
("C:\Users\Jakovcheski\AppData\Local\Programs\MiKTeX 2.9\tex\latex\babel-englis
h\english.ldf"
Language: english 2017/06/06 v3.3r English support from the babel system

("C:\Users\Jakovcheski\AppData\Local\Programs\MiKTeX 2.9\tex\generic\babel\babe
l.def"
File: babel.def 2018/02/14 3.18 Babel common definitions
\babel@savecnt=\count137
\U@D=\dimen147

("C:\Users\Jakovcheski\AppData\Local\Programs\MiKTeX 2.9\tex\generic\babel\txtb
abel.def")
\bbl@dirlevel=\count138
)
\l@canadian = a dialect from \language\l@american 
\l@australian = a dialect from \language\l@british 
\l@newzealand = a dialect from \language\l@british 
))
("C:\Users\Jakovcheski\AppData\Local\Programs\MiKTeX 2.9\tex\latex\hyperref\hyp
erref.sty"
Package: hyperref 2018/02/06 v6.86b Hypertext links for LaTeX

("C:\Users\Jakovcheski\AppData\Local\Programs\MiKTeX 2.9\tex\generic\oberdiek\h
obsub-hyperref.sty"
Package: hobsub-hyperref 2016/05/16 v1.14 Bundle oberdiek, subset hyperref (HO)


("C:\Users\Jakovcheski\AppData\Local\Programs\MiKTeX 2.9\tex\generic\oberdiek\h
obsub-generic.sty"
Package: hobsub-generic 2016/05/16 v1.14 Bundle oberdiek, subset generic (HO)
Package: hobsub 2016/05/16 v1.14 Construct package bundles (HO)
Package: infwarerr 2016/05/16 v1.4 Providing info/warning/error messages (HO)
Package: ltxcmds 2016/05/16 v1.23 LaTeX kernel commands for general use (HO)
Package hobsub Info: Skipping package `ifluatex' (already loaded).
Package: ifvtex 2016/05/16 v1.6 Detect VTeX and its facilities (HO)
Package ifvtex Info: VTeX not detected.
Package: intcalc 2016/05/16 v1.2 Expandable calculations with integers (HO)
Package hobsub Info: Skipping package `ifpdf' (already loaded).
Package: etexcmds 2016/05/16 v1.6 Avoid name clashes with e-TeX commands (HO)
Package etexcmds Info: Could not find \expanded.
(etexcmds)             That can mean that you are not using pdfTeX 1.50 or
(etexcmds)             that some package has redefined \expanded.
(etexcmds)             In the latter case, load this package earlier.
Package: kvsetkeys 2016/05/16 v1.17 Key value parser (HO)
Package: kvdefinekeys 2016/05/16 v1.4 Define keys (HO)
Package: pdftexcmds 2018/01/21 v0.26 Utility functions of pdfTeX for LuaTeX (HO
)
Package pdftexcmds Info: LuaTeX not detected.
Package pdftexcmds Info: \pdf@primitive is available.
Package pdftexcmds Info: \pdf@ifprimitive is available.
Package pdftexcmds Info: \pdfdraftmode found.
Package: pdfescape 2016/05/16 v1.14 Implements pdfTeX's escape features (HO)
Package: bigintcalc 2016/05/16 v1.4 Expandable calculations on big integers (HO
)
Package: bitset 2016/05/16 v1.2 Handle bit-vector datatype (HO)
Package: uniquecounter 2016/05/16 v1.3 Provide unlimited unique counter (HO)
)
Package hobsub Info: Skipping package `hobsub' (already loaded).
Package: letltxmacro 2016/05/16 v1.5 Let assignment for LaTeX macros (HO)
Package: hopatch 2016/05/16 v1.3 Wrapper for package hooks (HO)
Package: xcolor-patch 2016/05/16 xcolor patch
Package: atveryend 2016/05/16 v1.9 Hooks at the very end of document (HO)
Package atveryend Info: \enddocument detected (standard20110627).
Package: atbegshi 2016/06/09 v1.18 At begin shipout hook (HO)
Package: refcount 2016/05/16 v3.5 Data extraction from label references (HO)
Package: hycolor 2016/05/16 v1.8 Color options for hyperref/bookmark (HO)
)
("C:\Users\Jakovcheski\AppData\Local\Programs\MiKTeX 2.9\tex\latex\graphics\key
val.sty"
Package: keyval 2014/10/28 v1.15 key=value parser (DPC)
\KV@toks@=\toks22
)
("C:\Users\Jakovcheski\AppData\Local\Programs\MiKTeX 2.9\tex\latex\oberdiek\aux
hook.sty"
Package: auxhook 2016/05/16 v1.4 Hooks for auxiliary files (HO)
)
("C:\Users\Jakovcheski\AppData\Local\Programs\MiKTeX 2.9\tex\latex\oberdiek\kvo
ptions.sty"
Package: kvoptions 2016/05/16 v3.12 Key value format for package options (HO)
)
\@linkdim=\dimen148
\Hy@linkcounter=\count139
\Hy@pagecounter=\count140

("C:\Users\Jakovcheski\AppData\Local\Programs\MiKTeX 2.9\tex\latex\hyperref\pd1
enc.def"
File: pd1enc.def 2018/02/06 v6.86b Hyperref: PDFDocEncoding definition (HO)
)
\Hy@SavedSpaceFactor=\count141

("C:\Users\Jakovcheski\AppData\Local\Programs\MiKTeX 2.9\tex\latex\00miktex\hyp
erref.cfg"
File: hyperref.cfg 2002/06/06 v1.2 hyperref configuration of TeXLive
)
Package hyperref Info: Option `unicode' set `true' on input line 4383.

("C:\Users\Jakovcheski\AppData\Local\Programs\MiKTeX 2.9\tex\latex\hyperref\pue
nc.def"
File: puenc.def 2018/02/06 v6.86b Hyperref: PDF Unicode definition (HO)
)
Package hyperref Info: Option `pdfusetitle' set `true' on input line 4383.
Package hyperref Info: Hyper figures OFF on input line 4509.
Package hyperref Info: Link nesting OFF on input line 4514.
Package hyperref Info: Hyper index ON on input line 4517.
Package hyperref Info: Plain pages OFF on input line 4524.
Package hyperref Info: Backreferencing OFF on input line 4529.
Package hyperref Info: Implicit mode ON; LaTeX internals redefined.
Package hyperref Info: Bookmarks ON on input line 4762.
\c@Hy@tempcnt=\count142

("C:\Users\Jakovcheski\AppData\Local\Programs\MiKTeX 2.9\tex\latex\url\url.sty"
\Urlmuskip=\muskip10
Package: url 2013/09/16  ver 3.4  Verb mode for urls, etc.
)
LaTeX Info: Redefining \url on input line 5115.
\XeTeXLinkMargin=\dimen149
\Fld@menulength=\count143
\Field@Width=\dimen150
\Fld@charsize=\dimen151
Package hyperref Info: Hyper figures OFF on input line 6369.
Package hyperref Info: Link nesting OFF on input line 6374.
Package hyperref Info: Hyper index ON on input line 6377.
Package hyperref Info: backreferencing OFF on input line 6384.
Package hyperref Info: Link coloring OFF on input line 6389.
Package hyperref Info: Link coloring with OCG OFF on input line 6394.
Package hyperref Info: PDF/A mode OFF on input line 6399.
LaTeX Info: Redefining \ref on input line 6439.
LaTeX Info: Redefining \pageref on input line 6443.
\Hy@abspage=\count144
\c@Item=\count145
\c@Hfootnote=\count146
)
("C:\Users\Jakovcheski\AppData\Local\Programs\MiKTeX 2.9\tex\latex\memoir\memhf
ixc.sty"
Package: memhfixc 2013/05/30 v1.17 nameref/hyperref package fixes for memoir cl
ass
\c@memhycontfloat=\count147
\c@Hpagenote=\count148
)
Package hyperref Info: Driver (autodetected): hpdftex.

("C:\Users\Jakovcheski\AppData\Local\Programs\MiKTeX 2.9\tex\latex\hyperref\hpd
ftex.def"
File: hpdftex.def 2018/02/06 v6.86b Hyperref driver for pdfTeX
\Fld@listcount=\count149
\c@bookmark@seq@number=\count150

("C:\Users\Jakovcheski\AppData\Local\Programs\MiKTeX 2.9\tex\latex\oberdiek\rer
unfilecheck.sty"
Package: rerunfilecheck 2016/05/16 v1.8 Rerun checks for auxiliary files (HO)
Package uniquecounter Info: New unique counter `rerunfilecheck' on input line 2
82.
)
\Hy@SectionHShift=\skip185
)
("C:\Users\Jakovcheski\AppData\Local\Programs\MiKTeX 2.9\tex\latex\lm\lmodern.s
ty"
Package: lmodern 2009/10/30 v1.6 Latin Modern Fonts
LaTeX Font Info:    Overwriting symbol font `operators' in version `normal'
(Font)                  OT1/cmr/m/n --> OT1/lmr/m/n on input line 22.
LaTeX Font Info:    Overwriting symbol font `letters' in version `normal'
(Font)                  OML/cmm/m/it --> OML/lmm/m/it on input line 23.
LaTeX Font Info:    Overwriting symbol font `symbols' in version `normal'
(Font)                  OMS/cmsy/m/n --> OMS/lmsy/m/n on input line 24.
LaTeX Font Info:    Overwriting symbol font `largesymbols' in version `normal'
(Font)                  OMX/cmex/m/n --> OMX/lmex/m/n on input line 25.
LaTeX Font Info:    Overwriting symbol font `operators' in version `bold'
(Font)                  OT1/cmr/bx/n --> OT1/lmr/bx/n on input line 26.
LaTeX Font Info:    Overwriting symbol font `letters' in version `bold'
(Font)                  OML/cmm/b/it --> OML/lmm/b/it on input line 27.
LaTeX Font Info:    Overwriting symbol font `symbols' in version `bold'
(Font)                  OMS/cmsy/b/n --> OMS/lmsy/b/n on input line 28.
LaTeX Font Info:    Overwriting symbol font `largesymbols' in version `bold'
(Font)                  OMX/cmex/m/n --> OMX/lmex/m/n on input line 29.
LaTeX Font Info:    Overwriting math alphabet `\mathbf' in version `normal'
(Font)                  OT1/cmr/bx/n --> OT1/lmr/bx/n on input line 31.
LaTeX Font Info:    Overwriting math alphabet `\mathsf' in version `normal'
(Font)                  OT1/cmss/m/n --> OT1/lmss/m/n on input line 32.
LaTeX Font Info:    Overwriting math alphabet `\mathit' in version `normal'
(Font)                  OT1/cmr/m/it --> OT1/lmr/m/it on input line 33.
LaTeX Font Info:    Overwriting math alphabet `\mathtt' in version `normal'
(Font)                  OT1/cmtt/m/n --> OT1/lmtt/m/n on input line 34.
LaTeX Font Info:    Overwriting math alphabet `\mathbf' in version `bold'
(Font)                  OT1/cmr/bx/n --> OT1/lmr/bx/n on input line 35.
LaTeX Font Info:    Overwriting math alphabet `\mathsf' in version `bold'
(Font)                  OT1/cmss/bx/n --> OT1/lmss/bx/n on input line 36.
LaTeX Font Info:    Overwriting math alphabet `\mathit' in version `bold'
(Font)                  OT1/cmr/bx/it --> OT1/lmr/bx/it on input line 37.
LaTeX Font Info:    Overwriting math alphabet `\mathtt' in version `bold'
(Font)                  OT1/cmtt/m/n --> OT1/lmtt/m/n on input line 38.
)

******************************************************
Stock height and width: 845.04684pt by 597.50787pt
Top and edge trims: 0pt and 0pt
Page height and width: 845.04684pt by 597.50787pt
Text height and width: 595.80026pt by 369pt
Spine and edge margins: 113.81102pt and 114.69685pt
Upper and lower margins: 126.74379pt and 122.50279pt
Headheight and headsep: 13.6pt and 19.8738pt
Footskip: 27.46295pt
Columnsep and columnseprule: 10pt and 0pt
Marginparsep and marginparwidth: 7pt and 100.69685pt
Sidecapsep and sidecapwidth: 7pt and 101pt
Sidebarhsep and sidebarwidth: 7pt and 101pt
Sidebarvsep and sidebartopsep: 13.6pt and 0pt
Sidebarheight: 594.32022pt
Sidefoothsep and sidefootwidth: 7pt and 101pt
Sidefootvsep and sidefootheight: 13.6pt and 594.32022pt
******************************************************


("C:\Users\Jakovcheski\AppData\Local\Programs\MiKTeX 2.9\tex\latex\etoolbox\eto
olbox.sty"
Package: etoolbox 2018/02/11 v2.5e e-TeX tools for LaTeX (JAW)
\etb@tempcnta=\count151
))

LaTeX Warning: You have requested, on input line 12, version
               `2018/05/30' of document class FITthesis,
               but only version
               `2018/03/12 CTU FIT standard class for theses'
               is available.


("C:\Users\Jakovcheski\AppData\Local\Programs\MiKTeX 2.9\tex\latex\graphics\gra
phicx.sty"
Package: graphicx 2017/06/01 v1.1a Enhanced LaTeX Graphics (DPC,SPQR)

("C:\Users\Jakovcheski\AppData\Local\Programs\MiKTeX 2.9\tex\latex\graphics\gra
phics.sty"
Package: graphics 2017/06/25 v1.2c Standard LaTeX Graphics (DPC,SPQR)

("C:\Users\Jakovcheski\AppData\Local\Programs\MiKTeX 2.9\tex\latex\graphics\tri
g.sty"
Package: trig 2016/01/03 v1.10 sin cos tan (DPC)
)
("C:\Users\Jakovcheski\AppData\Local\Programs\MiKTeX 2.9\tex\latex\graphics-cfg
\graphics.cfg"
File: graphics.cfg 2016/06/04 v1.11 sample graphics configuration
)
Package graphics Info: Driver file: pdftex.def on input line 99.

("C:\Users\Jakovcheski\AppData\Local\Programs\MiKTeX 2.9\tex\latex\graphics-def
\pdftex.def"
File: pdftex.def 2018/01/08 v1.0l Graphics/color driver for pdftex
))
\Gin@req@height=\dimen152
\Gin@req@width=\dimen153
)
("C:\Users\Jakovcheski\AppData\Local\Programs\MiKTeX 2.9\tex\latex\dirtree\dirt
ree.sty"
Package: dirtree 2012/12/11 v0.32 package wrapper for dirtree

("C:\Users\Jakovcheski\AppData\Local\Programs\MiKTeX 2.9\tex\generic\dirtree\di
rtree.tex" `dirtree' v0.32, 2012/12/11 (jcc)
\DT@offset=\dimen154
\DT@width=\dimen155
\DT@sep=\dimen156
\DT@all=\dimen157
\DT@rulewidth=\dimen158
\DT@dotwidth=\dimen159
\DTbaselineskip=\dimen160
\DT@counti=\count152
\DT@countii=\count153
\DT@countiii=\count154
\DT@countiv=\count155
\DT@indent=\dimen161
\DT@parskip=\dimen162
\DT@baselineskip=\dimen163
)
File: dirtree.tex 2012/12/11 v0.32 `dirtree' (jcc)
)
("C:\Users\Jakovcheski\AppData\Local\Programs\MiKTeX 2.9\tex\latex\placeins\pla
ceins.sty"
Package: placeins 2005/04/18  v 2.2
)
("C:\Users\Jakovcheski\AppData\Local\Programs\MiKTeX 2.9\tex\latex\float\float.
sty"
Package: float 2001/11/08 v1.3d Float enhancements (AL)
\c@float@type=\count156
\float@exts=\toks23
\float@box=\box29
\@float@everytoks=\toks24
\@floatcapt=\box30
) (Thesis3.aux

LaTeX Warning: Label `' multiply defined.


LaTeX Warning: Label `' multiply defined.


LaTeX Warning: Label `' multiply defined.


LaTeX Warning: Label `' multiply defined.


LaTeX Warning: Label `' multiply defined.


LaTeX Warning: Label `' multiply defined.


LaTeX Warning: Label `' multiply defined.


LaTeX Warning: Label `' multiply defined.


LaTeX Warning: Label `' multiply defined.


LaTeX Warning: Label `' multiply defined.


LaTeX Warning: Label `' multiply defined.


LaTeX Warning: Label `' multiply defined.


LaTeX Warning: Label `' multiply defined.


LaTeX Warning: Label `' multiply defined.


LaTeX Warning: Label `' multiply defined.


LaTeX Warning: Label `' multiply defined.

)
\openout1 = `Thesis3.aux'.

LaTeX Font Info:    Checking defaults for OML/cmm/m/it on input line 55.
LaTeX Font Info:    ... okay on input line 55.
LaTeX Font Info:    Checking defaults for T1/cmr/m/n on input line 55.
LaTeX Font Info:    ... okay on input line 55.
LaTeX Font Info:    Checking defaults for OT1/cmr/m/n on input line 55.
LaTeX Font Info:    ... okay on input line 55.
LaTeX Font Info:    Checking defaults for OMS/cmsy/m/n on input line 55.
LaTeX Font Info:    ... okay on input line 55.
LaTeX Font Info:    Checking defaults for OMX/cmex/m/n on input line 55.
LaTeX Font Info:    ... okay on input line 55.
LaTeX Font Info:    Checking defaults for U/cmr/m/n on input line 55.
LaTeX Font Info:    ... okay on input line 55.
LaTeX Font Info:    Checking defaults for PD1/pdf/m/n on input line 55.
LaTeX Font Info:    ... okay on input line 55.
LaTeX Font Info:    Checking defaults for PU/pdf/m/n on input line 55.
LaTeX Font Info:    ... okay on input line 55.
LaTeX Font Info:    Try loading font information for OT1+lmr on input line 55.

("C:\Users\Jakovcheski\AppData\Local\Programs\MiKTeX 2.9\tex\latex\lm\ot1lmr.fd
"
File: ot1lmr.fd 2009/10/30 v1.6 Font defs for Latin Modern
)
\AtBeginShipoutBox=\box31
Package hyperref Info: Link coloring OFF on input line 55.

("C:\Users\Jakovcheski\AppData\Local\Programs\MiKTeX 2.9\tex\latex\hyperref\nam
eref.sty"
Package: nameref 2016/05/21 v2.44 Cross-referencing by name of section

("C:\Users\Jakovcheski\AppData\Local\Programs\MiKTeX 2.9\tex\generic\oberdiek\g
ettitlestring.sty"
Package: gettitlestring 2016/05/16 v1.5 Cleanup title references (HO)
)
\c@section@level=\count157
)
Redoing nameref's sectioning
Redoing nameref's label
LaTeX Info: Redefining \nameref on input line 55.
LaTeX Info: Redefining \ref on input line 55.
LaTeX Info: Redefining \pageref on input line 55.
LaTeX Info: Redefining \nameref on input line 55.
(Thesis3.out) (Thesis3.out)
\@outlinefile=\write4
\openout4 = `Thesis3.out'.


("C:\Users\Jakovcheski\AppData\Local\Programs\MiKTeX 2.9\tex\context\base\supp-
pdf.mkii"
[Loading MPS to PDF converter (version 2006.09.02).]
\scratchcounter=\count158
\scratchdimen=\dimen164
\scratchbox=\box32
\nofMPsegments=\count159
\nofMParguments=\count160
\everyMPshowfont=\toks25
\MPscratchCnt=\count161
\MPscratchDim=\dimen165
\MPnumerator=\count162
\makeMPintoPDFobject=\count163
\everyMPtoPDFconversion=\toks26
)
("C:\Users\Jakovcheski\AppData\Local\Programs\MiKTeX 2.9\tex\latex\oberdiek\eps
topdf-base.sty"
Package: epstopdf-base 2016/05/15 v2.6 Base part for package epstopdf

("C:\Users\Jakovcheski\AppData\Local\Programs\MiKTeX 2.9\tex\latex\oberdiek\grf
ext.sty"
Package: grfext 2016/05/16 v1.2 Manage graphics extensions (HO)
)
Package epstopdf-base Info: Redefining graphics rule for `.eps' on input line 4
38.
Package grfext Info: Graphics extension search list:
(grfext)             [.pdf,.png,.jpg,.mps,.jpeg,.jbig2,.jb2,.PDF,.PNG,.JPG,.JPE
G,.JBIG2,.JB2,.eps]
(grfext)             \AppendGraphicsExtensions on input line 456.
)
LaTeX Font Info:    Try loading font information for OMS+lmr on input line 55.

("C:\Users\Jakovcheski\AppData\Local\Programs\MiKTeX 2.9\tex\latex\lm\omslmr.fd
"
File: omslmr.fd 2009/10/30 v1.6 Font defs for Latin Modern
)
LaTeX Font Info:    Try loading font information for OMS+lmsy on input line 55.


("C:\Users\Jakovcheski\AppData\Local\Programs\MiKTeX 2.9\tex\latex\lm\omslmsy.f
d"
File: omslmsy.fd 2009/10/30 v1.6 Font defs for Latin Modern
)
LaTeX Font Info:    Font shape `OMS/lmr/m/n' in size <10.95> not available
(Font)              Font shape `OMS/lmsy/m/n' tried instead on input line 55.
 [1

{C:/Users/Jakovcheski/AppData/Local/MiKTeX/2.9/pdftex/config/pdftex.map}] [2

]
<cvut-logo-bw-en.pdf, id=106, 591.64943pt x 193.23091pt>
File: cvut-logo-bw-en.pdf Graphic file (type pdf)
<use cvut-logo-bw-en.pdf>
Package pdftex.def Info: cvut-logo-bw-en.pdf  used on input line 55.
(pdftex.def)             Requested size: 184.5pt x 60.25772pt.
 [1

 <./cvut-logo-bw-en.pdf>] [2

]

LaTeX Font Warning: Font shape `OT1/lmr/bx/sc' undefined
(Font)              using `OT1/lmr/bx/n' instead on input line 55.

LaTeX Font Info:    Try loading font information for OT1+lmss on input line 55.


("C:\Users\Jakovcheski\AppData\Local\Programs\MiKTeX 2.9\tex\latex\lm\ot1lmss.f
d"
File: ot1lmss.fd 2009/10/30 v1.6 Font defs for Latin Modern
)

LaTeX Font Warning: Font shape `OT1/lmss/bx/sc' undefined
(Font)              using `OT1/lmss/bx/n' instead on input line 55.

[3

] [4

] [5] [6

] [7

] [8

] (Thesis3.toc
LaTeX Font Info:    Try loading font information for OML+lmm on input line 3.

("C:\Users\Jakovcheski\AppData\Local\Programs\MiKTeX 2.9\tex\latex\lm\omllmm.fd
"
File: omllmm.fd 2009/10/30 v1.6 Font defs for Latin Modern
)
LaTeX Font Info:    Try loading font information for OMX+lmex on input line 3.

("C:\Users\Jakovcheski\AppData\Local\Programs\MiKTeX 2.9\tex\latex\lm\omxlmex.f
d"
File: omxlmex.fd 2009/10/30 v1.6 Font defs for Latin Modern
)
LaTeX Font Info:    External font `lmex10' loaded for size
(Font)              <10.95> on input line 3.
LaTeX Font Info:    External font `lmex10' loaded for size
(Font)              <8> on input line 3.
LaTeX Font Info:    External font `lmex10' loaded for size
(Font)              <6> on input line 3.

Overfull \hbox (7.46597pt too wide) in paragraph at lines 28--28
 [][] [][]\OT1/lmr/m/n/10.95 All 3 do-mains model an-no-tated with fine grained
 
 []

[9]) [10] (Thesis3.lof [11

]) [12]pdfTeX warning (ext4): destination with the same identifier (name{page.1
}) has been already used, duplicate ignored
<to be read again> 
                   \relax 
l.70 \chapter
             {Background and related work}\label{textcompr} [1



]pdfTeX warning (ext4): destination with the same identifier (name{page.2}) has
 been already used, duplicate ignored
<to be read again> 
                   \relax 
l.70 \chapter
             {Background and related work}\label{textcompr} [2

] [3] [4

]

LaTeX Warning: Reference `tab:PCparam' on page 5 undefined on input line 109.


Underfull \vbox (badness 1057) has occurred while \output is active []

 [5]
[6]
<"C:/Users/Jakovcheski/Desktop/Stanford NER output/OneAnnotationAbstractBaseOnP
ageRank/""/500All3DomainsCoarseGrainedRunnedWithAll3DomainsBBCCoarseGrained-tsv
".png, id=337, 572.73975pt x 98.16675pt>
File: "C:/Users/Jakovcheski/Desktop/Stanford NER output/OneAnnotationAbstractBa
seOnPageRank/""/500All3DomainsCoarseGrainedRunnedWithAll3DomainsBBCCoarseGraine
d-tsv".png Graphic file (type png)
<use "C:/Users/Jakovcheski/Desktop/Stanford NER output/OneAnnotationAbstractBas
eOnPageRank/""/500All3DomainsCoarseGrainedRunnedWithAll3DomainsBBCCoarseGrained
-tsv".png>
Package pdftex.def Info: "C:/Users/Jakovcheski/Desktop/Stanford NER output/OneA
nnotationAbstractBaseOnPageRank/""/500All3DomainsCoarseGrainedRunnedWithAll3Dom
ainsBBCCoarseGrained-tsv".png  used on input line 146.
(pdftex.def)             Requested size: 369.0pt x 63.2474pt.
<"C:/Users/Jakovcheski/Desktop/Stanford NER output/OneAnnotationAbstractBaseOnP
ageRank/""/Top10Links/All3DomainsCoarseGrainedRunnedWithAll3DomainsCoarseGraine
d-tsv".png, id=339, 574.5465pt x 96.96225pt>
File: "C:/Users/Jakovcheski/Desktop/Stanford NER output/OneAnnotationAbstractBa
seOnPageRank/""/Top10Links/All3DomainsCoarseGrainedRunnedWithAll3DomainsCoarseG
rained-tsv".png Graphic file (type png)
<use "C:/Users/Jakovcheski/Desktop/Stanford NER output/OneAnnotationAbstractBas
eOnPageRank/""/Top10Links/All3DomainsCoarseGrainedRunnedWithAll3DomainsCoarseGr
ained-tsv".png>
Package pdftex.def Info: "C:/Users/Jakovcheski/Desktop/Stanford NER output/OneA
nnotationAbstractBaseOnPageRank/""/Top10Links/All3DomainsCoarseGrainedRunnedWit
hAll3DomainsCoarseGrained-tsv".png  used on input line 155.
(pdftex.def)             Requested size: 369.0pt x 62.27458pt.
 [7

pdfTeX warning (ext4): destination with the same identifier (name{figure.3.1}) 
has been already used, duplicate ignored

\AtBegShi@Output ...ipout \box \AtBeginShipoutBox 
                                                  \fi \fi 
l.157 	\end{figure}
                    <C:/Users/Jakovcheski/Desktop/Stanford NER output/OneAnnota
tionAbstractBaseOnPageRank//500All3DomainsCoarseGrainedRunnedWithAll3DomainsBBC
CoarseGrained-tsv.png>]
<"C:/Users/Jakovcheski/Desktop/Stanford NER output/OneAnnotationAbstractBaseOnP
ageRank/""/Top10Links/All3DomainsCoarseGrainedRunnedWithPoliticsCoarseGrained-t
sv".png, id=345, 572.73975pt x 77.088pt>
File: "C:/Users/Jakovcheski/Desktop/Stanford NER output/OneAnnotationAbstractBa
seOnPageRank/""/Top10Links/All3DomainsCoarseGrainedRunnedWithPoliticsCoarseGrai
ned-tsv".png Graphic file (type png)
<use "C:/Users/Jakovcheski/Desktop/Stanford NER output/OneAnnotationAbstractBas
eOnPageRank/""/Top10Links/All3DomainsCoarseGrainedRunnedWithPoliticsCoarseGrain
ed-tsv".png>
Package pdftex.def Info: "C:/Users/Jakovcheski/Desktop/Stanford NER output/OneA
nnotationAbstractBaseOnPageRank/""/Top10Links/All3DomainsCoarseGrainedRunnedWit
hPoliticsCoarseGrained-tsv".png  used on input line 162.
(pdftex.def)             Requested size: 369.0pt x 49.66667pt.
<"C:/Users/Jakovcheski/Desktop/Stanford NER output/OneAnnotationAbstractBaseOnP
ageRank/""/Top10Links/All3DomainsCoarseGrainedRunnedWithSportCoarseGrained-tsv"
.png, id=346, 572.1375pt x 76.48575pt>
File: "C:/Users/Jakovcheski/Desktop/Stanford NER output/OneAnnotationAbstractBa
seOnPageRank/""/Top10Links/All3DomainsCoarseGrainedRunnedWithSportCoarseGrained
-tsv".png Graphic file (type png)
<use "C:/Users/Jakovcheski/Desktop/Stanford NER output/OneAnnotationAbstractBas
eOnPageRank/""/Top10Links/All3DomainsCoarseGrainedRunnedWithSportCoarseGrained-
tsv".png>
Package pdftex.def Info: "C:/Users/Jakovcheski/Desktop/Stanford NER output/OneA
nnotationAbstractBaseOnPageRank/""/Top10Links/All3DomainsCoarseGrainedRunnedWit
hSportCoarseGrained-tsv".png  used on input line 168.
(pdftex.def)             Requested size: 369.0pt x 49.32999pt.

Underfull \vbox (badness 10000) has occurred while \output is active []

 [8pdfTeX warning (ext4): destination with the same identifier (name{figure.3.2
}) has been already used, duplicate ignored

\AtBegShi@Output ...ipout \box \AtBeginShipoutBox 
                                                  \fi \fi 
l.171 	
       pdfTeX warning (ext4): destination with the same identifier (name{figure
.3.3}) has been already used, duplicate ignored

\AtBegShi@Output ...ipout \box \AtBeginShipoutBox 
                                                  \fi \fi 
l.171 	
        <C:/Users/Jakovcheski/Desktop/Stanford NER output/OneAnnotationAbstract
BaseOnPageRank//Top10Links/All3DomainsCoarseGrainedRunnedWithAll3DomainsCoarseG
rained-tsv.png> <C:/Users/Jakovcheski/Desktop/Stanford NER output/OneAnnotation
AbstractBaseOnPageRank//Top10Links/All3DomainsCoarseGrainedRunnedWithPoliticsCo
arseGrained-tsv.png>]
<"C:/Users/Jakovcheski/Desktop/Stanford NER output/OneAnnotationAbstractBaseOnP
ageRank/""/Top10Links/All3DomainsCoarseGrainedRunnedWithTransportationCoarseGra
ined-tsv".png, id=353, 573.94424pt x 77.088pt>
File: "C:/Users/Jakovcheski/Desktop/Stanford NER output/OneAnnotationAbstractBa
seOnPageRank/""/Top10Links/All3DomainsCoarseGrainedRunnedWithTransportationCoar
seGrained-tsv".png Graphic file (type png)
<use "C:/Users/Jakovcheski/Desktop/Stanford NER output/OneAnnotationAbstractBas
eOnPageRank/""/Top10Links/All3DomainsCoarseGrainedRunnedWithTransportationCoars
eGrained-tsv".png>
Package pdftex.def Info: "C:/Users/Jakovcheski/Desktop/Stanford NER output/OneA
nnotationAbstractBaseOnPageRank/""/Top10Links/All3DomainsCoarseGrainedRunnedWit
hTransportationCoarseGrained-tsv".png  used on input line 174.
(pdftex.def)             Requested size: 369.0pt x 49.5608pt.
<"C:/Users/Jakovcheski/Desktop/Stanford NER output/OneAnnotationAbstractBaseOnP
ageRank/""/Top10Links/All3DomainsFineGrainedRunnedWithAll3DomainsFineGrained-ts
v".png, id=354, 576.9555pt x 172.2435pt>
File: "C:/Users/Jakovcheski/Desktop/Stanford NER output/OneAnnotationAbstractBa
seOnPageRank/""/Top10Links/All3DomainsFineGrainedRunnedWithAll3DomainsFineGrain
ed-tsv".png Graphic file (type png)
<use "C:/Users/Jakovcheski/Desktop/Stanford NER output/OneAnnotationAbstractBas
eOnPageRank/""/Top10Links/All3DomainsFineGrainedRunnedWithAll3DomainsFineGraine
d-tsv".png>
Package pdftex.def Info: "C:/Users/Jakovcheski/Desktop/Stanford NER output/OneA
nnotationAbstractBaseOnPageRank/""/Top10Links/All3DomainsFineGrainedRunnedWithA
ll3DomainsFineGrained-tsv".png  used on input line 181.
(pdftex.def)             Requested size: 369.0pt x 110.16187pt.
<"C:/Users/Jakovcheski/Desktop/Stanford NER output/OneAnnotationAbstractBaseOnP
ageRank/""/Top10Links/All3DomainsFineGrainedRunnedWithPoliticsFineGrained-tsv".
png, id=355, 576.35326pt x 96.36pt>
File: "C:/Users/Jakovcheski/Desktop/Stanford NER output/OneAnnotationAbstractBa
seOnPageRank/""/Top10Links/All3DomainsFineGrainedRunnedWithPoliticsFineGrained-
tsv".png Graphic file (type png)
<use "C:/Users/Jakovcheski/Desktop/Stanford NER output/OneAnnotationAbstractBas
eOnPageRank/""/Top10Links/All3DomainsFineGrainedRunnedWithPoliticsFineGrained-t
sv".png>
Package pdftex.def Info: "C:/Users/Jakovcheski/Desktop/Stanford NER output/OneA
nnotationAbstractBaseOnPageRank/""/Top10Links/All3DomainsFineGrainedRunnedWithP
oliticsFineGrained-tsv".png  used on input line 187.
(pdftex.def)             Requested size: 369.0pt x 61.69223pt.
 [9pdfTeX warning (ext4): destination with the same identifier (name{figure.3.4
}) has been already used, duplicate ignored

\AtBegShi@Output ...ipout \box \AtBeginShipoutBox 
                                                  \fi \fi 
l.189 	\end{figure}
                   	pdfTeX warning (ext4): destination with the same identifier
 (name{figure.3.5}) has been already used, duplicate ignored

\AtBegShi@Output ...ipout \box \AtBeginShipoutBox 
                                                  \fi \fi 
l.189 	\end{figure}
                   	pdfTeX warning (ext4): destination with the same identifier
 (name{figure.3.6}) has been already used, duplicate ignored

\AtBegShi@Output ...ipout \box \AtBeginShipoutBox 
                                                  \fi \fi 
l.189 	\end{figure}
                   	 <C:/Users/Jakovcheski/Desktop/Stanford NER output/OneAnnot
ationAbstractBaseOnPageRank//Top10Links/All3DomainsCoarseGrainedRunnedWithSport
CoarseGrained-tsv.png> <C:/Users/Jakovcheski/Desktop/Stanford NER output/OneAnn
otationAbstractBaseOnPageRank//Top10Links/All3DomainsCoarseGrainedRunnedWithTra
nsportationCoarseGrained-tsv.png> <C:/Users/Jakovcheski/Desktop/Stanford NER ou
tput/OneAnnotationAbstractBaseOnPageRank//Top10Links/All3DomainsFineGrainedRunn
edWithAll3DomainsFineGrained-tsv.png>]
<"C:/Users/Jakovcheski/Desktop/Stanford NER output/OneAnnotationAbstractBaseOnP
ageRank/""/Top10Links/All3DomainsFineGrainedRunnedWithSportFineGrained-tsv".png
, id=363, 576.35326pt x 125.87025pt>
File: "C:/Users/Jakovcheski/Desktop/Stanford NER output/OneAnnotationAbstractBa
seOnPageRank/""/Top10Links/All3DomainsFineGrainedRunnedWithSportFineGrained-tsv
".png Graphic file (type png)
<use "C:/Users/Jakovcheski/Desktop/Stanford NER output/OneAnnotationAbstractBas
eOnPageRank/""/Top10Links/All3DomainsFineGrainedRunnedWithSportFineGrained-tsv"
.png>
Package pdftex.def Info: "C:/Users/Jakovcheski/Desktop/Stanford NER output/OneA
nnotationAbstractBaseOnPageRank/""/Top10Links/All3DomainsFineGrainedRunnedWithS
portFineGrained-tsv".png  used on input line 193.
(pdftex.def)             Requested size: 369.0pt x 80.58548pt.
<"C:/Users/Jakovcheski/Desktop/Stanford NER output/OneAnnotationAbstractBaseOnP
ageRank/""/Top10Links/All3DomainsFineGrainedRunnedWithTransportationFineGrained
-tsv".png, id=365, 576.9555pt x 96.96225pt>
File: "C:/Users/Jakovcheski/Desktop/Stanford NER output/OneAnnotationAbstractBa
seOnPageRank/""/Top10Links/All3DomainsFineGrainedRunnedWithTransportationFineGr
ained-tsv".png Graphic file (type png)
<use "C:/Users/Jakovcheski/Desktop/Stanford NER output/OneAnnotationAbstractBas
eOnPageRank/""/Top10Links/All3DomainsFineGrainedRunnedWithTransportationFineGra
ined-tsv".png>
Package pdftex.def Info: "C:/Users/Jakovcheski/Desktop/Stanford NER output/OneA
nnotationAbstractBaseOnPageRank/""/Top10Links/All3DomainsFineGrainedRunnedWithT
ransportationFineGrained-tsv".png  used on input line 199.
(pdftex.def)             Requested size: 369.0pt x 62.01419pt.
<"C:/Users/Jakovcheski/Desktop/Stanford NER output/OneAnnotationAbstractBaseOnP
ageRank/""/Top10Links/PoliticsCoarseGrainedRunnedWithPoliticsCoarseGrained-tsv"
.png, id=367, 575.751pt x 77.088pt>
File: "C:/Users/Jakovcheski/Desktop/Stanford NER output/OneAnnotationAbstractBa
seOnPageRank/""/Top10Links/PoliticsCoarseGrainedRunnedWithPoliticsCoarseGrained
-tsv".png Graphic file (type png)
<use "C:/Users/Jakovcheski/Desktop/Stanford NER output/OneAnnotationAbstractBas
eOnPageRank/""/Top10Links/PoliticsCoarseGrainedRunnedWithPoliticsCoarseGrained-
tsv".png>
Package pdftex.def Info: "C:/Users/Jakovcheski/Desktop/Stanford NER output/OneA
nnotationAbstractBaseOnPageRank/""/Top10Links/PoliticsCoarseGrainedRunnedWithPo
liticsCoarseGrained-tsv".png  used on input line 206.
(pdftex.def)             Requested size: 369.0pt x 49.40788pt.
 [10pdfTeX warning (ext4): destination with the same identifier (name{figure.3.
7}) has been already used, duplicate ignored

\AtBegShi@Output ...ipout \box \AtBeginShipoutBox 
                                                  \fi \fi 
l.209 
      pdfTeX warning (ext4): destination with the same identifier (name{figure.
3.8}) has been already used, duplicate ignored

\AtBegShi@Output ...ipout \box \AtBeginShipoutBox 
                                                  \fi \fi 
l.209 
      pdfTeX warning (ext4): destination with the same identifier (name{figure.
3.9}) has been already used, duplicate ignored

\AtBegShi@Output ...ipout \box \AtBeginShipoutBox 
                                                  \fi \fi 
l.209 
       <C:/Users/Jakovcheski/Desktop/Stanford NER output/OneAnnotationAbstractB
aseOnPageRank//Top10Links/All3DomainsFineGrainedRunnedWithPoliticsFineGrained-t
sv.png> <C:/Users/Jakovcheski/Desktop/Stanford NER output/OneAnnotationAbstract
BaseOnPageRank//Top10Links/All3DomainsFineGrainedRunnedWithSportFineGrained-tsv
.png> <C:/Users/Jakovcheski/Desktop/Stanford NER output/OneAnnotationAbstractBa
seOnPageRank//Top10Links/All3DomainsFineGrainedRunnedWithTransportationFineGrai
ned-tsv.png>]
<"C:/Users/Jakovcheski/Desktop/Stanford NER output/OneAnnotationAbstractBaseOnP
ageRank/""/Top10Links/PoliticsFineGrainedRunnedWithPoliticsFineGrained-tsv".png
, id=377, 576.35326pt x 95.75775pt>
File: "C:/Users/Jakovcheski/Desktop/Stanford NER output/OneAnnotationAbstractBa
seOnPageRank/""/Top10Links/PoliticsFineGrainedRunnedWithPoliticsFineGrained-tsv
".png Graphic file (type png)
<use "C:/Users/Jakovcheski/Desktop/Stanford NER output/OneAnnotationAbstractBas
eOnPageRank/""/Top10Links/PoliticsFineGrainedRunnedWithPoliticsFineGrained-tsv"
.png>
Package pdftex.def Info: "C:/Users/Jakovcheski/Desktop/Stanford NER output/OneA
nnotationAbstractBaseOnPageRank/""/Top10Links/PoliticsFineGrainedRunnedWithPoli
ticsFineGrained-tsv".png  used on input line 212.
(pdftex.def)             Requested size: 369.0pt x 61.30666pt.
<"C:/Users/Jakovcheski/Desktop/Stanford NER output/OneAnnotationAbstractBaseOnP
ageRank/""/Top10Links/SportCoarseGrainedRunnedWithSportCoarseGrained-tsv".png, 
id=380, 573.94424pt x 77.088pt>
File: "C:/Users/Jakovcheski/Desktop/Stanford NER output/OneAnnotationAbstractBa
seOnPageRank/""/Top10Links/SportCoarseGrainedRunnedWithSportCoarseGrained-tsv".
png Graphic file (type png)
<use "C:/Users/Jakovcheski/Desktop/Stanford NER output/OneAnnotationAbstractBas
eOnPageRank/""/Top10Links/SportCoarseGrainedRunnedWithSportCoarseGrained-tsv".p
ng>
Package pdftex.def Info: "C:/Users/Jakovcheski/Desktop/Stanford NER output/OneA
nnotationAbstractBaseOnPageRank/""/Top10Links/SportCoarseGrainedRunnedWithSport
CoarseGrained-tsv".png  used on input line 221.
(pdftex.def)             Requested size: 369.0pt x 49.5608pt.
<"C:/Users/Jakovcheski/Desktop/Stanford NER output/OneAnnotationAbstractBaseOnP
ageRank/""/Top10Links/SportFineGrainedRunnedWithSportFineGrained-tsv".png, id=3
81, 576.35326pt x 124.66576pt>
File: "C:/Users/Jakovcheski/Desktop/Stanford NER output/OneAnnotationAbstractBa
seOnPageRank/""/Top10Links/SportFineGrainedRunnedWithSportFineGrained-tsv".png 
Graphic file (type png)
<use "C:/Users/Jakovcheski/Desktop/Stanford NER output/OneAnnotationAbstractBas
eOnPageRank/""/Top10Links/SportFineGrainedRunnedWithSportFineGrained-tsv".png>
Package pdftex.def Info: "C:/Users/Jakovcheski/Desktop/Stanford NER output/OneA
nnotationAbstractBaseOnPageRank/""/Top10Links/SportFineGrainedRunnedWithSportFi
neGrained-tsv".png  used on input line 226.
(pdftex.def)             Requested size: 369.0pt x 79.81433pt.

Underfull \vbox (badness 10000) has occurred while \output is active []

 [11pdfTeX warning (ext4): destination with the same identifier (name{figure.3.
10}) has been already used, duplicate ignored

\AtBegShi@Output ...ipout \box \AtBeginShipoutBox 
                                                  \fi \fi 
l.229 	T
        his model in really small, only 15 annotated words, that's because w...
pdfTeX warning (ext4): destination with the same identifier (name{figure.3.11})
 has been already used, duplicate ignored

\AtBegShi@Output ...ipout \box \AtBeginShipoutBox 
                                                  \fi \fi 
l.229 	T
        his model in really small, only 15 annotated words, that's because w...
pdfTeX warning (ext4): destination with the same identifier (name{figure.3.12})
 has been already used, duplicate ignored

\AtBegShi@Output ...ipout \box \AtBeginShipoutBox 
                                                  \fi \fi 
l.229 	T
        his model in really small, only 15 annotated words, that's because w...
 <C:/Users/Jakovcheski/Desktop/Stanford NER output/OneAnnotationAbstractBaseOnP
ageRank//Top10Links/PoliticsCoarseGrainedRunnedWithPoliticsCoarseGrained-tsv.pn
g> <C:/Users/Jakovcheski/Desktop/Stanford NER output/OneAnnotationAbstractBaseO
nPageRank//Top10Links/PoliticsFineGrainedRunnedWithPoliticsFineGrained-tsv.png>
 <C:/Users/Jakovcheski/Desktop/Stanford NER output/OneAnnotationAbstractBaseOnP
ageRank//Top10Links/SportCoarseGrainedRunnedWithSportCoarseGrained-tsv.png>]
<"C:/Users/Jakovcheski/Desktop/Stanford NER output/OneAnnotationAbstractBaseOnP
ageRank/""/Top10Links/TransportationCoarseGrainedRunnedWithTransportationCoarse
Grained-tsv".png, id=393, 573.94424pt x 77.69025pt>
File: "C:/Users/Jakovcheski/Desktop/Stanford NER output/OneAnnotationAbstractBa
seOnPageRank/""/Top10Links/TransportationCoarseGrainedRunnedWithTransportationC
oarseGrained-tsv".png Graphic file (type png)
<use "C:/Users/Jakovcheski/Desktop/Stanford NER output/OneAnnotationAbstractBas
eOnPageRank/""/Top10Links/TransportationCoarseGrainedRunnedWithTransportationCo
arseGrained-tsv".png>
Package pdftex.def Info: "C:/Users/Jakovcheski/Desktop/Stanford NER output/OneA
nnotationAbstractBaseOnPageRank/""/Top10Links/TransportationCoarseGrainedRunned
WithTransportationCoarseGrained-tsv".png  used on input line 233.
(pdftex.def)             Requested size: 369.0pt x 49.94798pt.
<"C:/Users/Jakovcheski/Desktop/Stanford NER output/OneAnnotationAbstractBaseOnP
ageRank/""/Top10Links/TransportationFineGrainedRunnedWithTransportationFineGrai
ned-tsv".png, id=394, 578.16pt x 95.75775pt>
File: "C:/Users/Jakovcheski/Desktop/Stanford NER output/OneAnnotationAbstractBa
seOnPageRank/""/Top10Links/TransportationFineGrainedRunnedWithTransportationFin
eGrained-tsv".png Graphic file (type png)
<use "C:/Users/Jakovcheski/Desktop/Stanford NER output/OneAnnotationAbstractBas
eOnPageRank/""/Top10Links/TransportationFineGrainedRunnedWithTransportationFine
Grained-tsv".png>
Package pdftex.def Info: "C:/Users/Jakovcheski/Desktop/Stanford NER output/OneA
nnotationAbstractBaseOnPageRank/""/Top10Links/TransportationFineGrainedRunnedWi
thTransportationFineGrained-tsv".png  used on input line 238.
(pdftex.def)             Requested size: 369.0pt x 61.11525pt.
<"C:/Users/Jakovcheski/Desktop/Stanford NER output/OneAnnotationAbstractBaseOnP
ageRank/""/Top20Links/All3DomainsCoarseGrainedRunnedWithAll3DomainsCoarseGraine
d-tsv".png, id=405, 575.14874pt x 96.96225pt>
File: "C:/Users/Jakovcheski/Desktop/Stanford NER output/OneAnnotationAbstractBa
seOnPageRank/""/Top20Links/All3DomainsCoarseGrainedRunnedWithAll3DomainsCoarseG
rained-tsv".png Graphic file (type png)
<use "C:/Users/Jakovcheski/Desktop/Stanford NER output/OneAnnotationAbstractBas
eOnPageRank/""/Top20Links/All3DomainsCoarseGrainedRunnedWithAll3DomainsCoarseGr
ained-tsv".png>
Package pdftex.def Info: "C:/Users/Jakovcheski/Desktop/Stanford NER output/OneA
nnotationAbstractBaseOnPageRank/""/Top20Links/All3DomainsCoarseGrainedRunnedWit
hAll3DomainsCoarseGrained-tsv".png  used on input line 252.
(pdftex.def)             Requested size: 369.0pt x 62.20949pt.

Underfull \vbox (badness 5288) has occurred while \output is active []

 [12pdfTeX warning (ext4): destination with the same identifier (name{figure.3.
13}) has been already used, duplicate ignored

\AtBegShi@Output ...ipout \box \AtBeginShipoutBox 
                                                  \fi \fi 
l.254 	\end{figure}
                   pdfTeX warning (ext4): destination with the same identifier 
(name{figure.3.14}) has been already used, duplicate ignored

\AtBegShi@Output ...ipout \box \AtBeginShipoutBox 
                                                  \fi \fi 
l.254 	\end{figure}
                   pdfTeX warning (ext4): destination with the same identifier 
(name{figure.3.15}) has been already used, duplicate ignored

\AtBegShi@Output ...ipout \box \AtBeginShipoutBox 
                                                  \fi \fi 
l.254 	\end{figure}
                    <C:/Users/Jakovcheski/Desktop/Stanford NER output/OneAnnota
tionAbstractBaseOnPageRank//Top10Links/SportFineGrainedRunnedWithSportFineGrain
ed-tsv.png> <C:/Users/Jakovcheski/Desktop/Stanford NER output/OneAnnotationAbst
ractBaseOnPageRank//Top10Links/TransportationCoarseGrainedRunnedWithTransportat
ionCoarseGrained-tsv.png> <C:/Users/Jakovcheski/Desktop/Stanford NER output/One
AnnotationAbstractBaseOnPageRank//Top10Links/TransportationFineGrainedRunnedWit
hTransportationFineGrained-tsv.png>]
<"C:/Users/Jakovcheski/Desktop/Stanford NER output/OneAnnotationAbstractBaseOnP
ageRank/""/Top20Links/All3DomainsCoarseGrainedRunnedWithPoliticsCoarseGrained-t
sv".png, id=413, 573.94424pt x 78.89474pt>
File: "C:/Users/Jakovcheski/Desktop/Stanford NER output/OneAnnotationAbstractBa
seOnPageRank/""/Top20Links/All3DomainsCoarseGrainedRunnedWithPoliticsCoarseGrai
ned-tsv".png Graphic file (type png)
<use "C:/Users/Jakovcheski/Desktop/Stanford NER output/OneAnnotationAbstractBas
eOnPageRank/""/Top20Links/All3DomainsCoarseGrainedRunnedWithPoliticsCoarseGrain
ed-tsv".png>
Package pdftex.def Info: "C:/Users/Jakovcheski/Desktop/Stanford NER output/OneA
nnotationAbstractBaseOnPageRank/""/Top20Links/All3DomainsCoarseGrainedRunnedWit
hPoliticsCoarseGrained-tsv".png  used on input line 256.
(pdftex.def)             Requested size: 369.0pt x 50.72238pt.
<"C:/Users/Jakovcheski/Desktop/Stanford NER output/OneAnnotationAbstractBaseOnP
ageRank/""/Top20Links/All3DomainsCoarseGrainedRunnedWithSportCoarseGrained-tsv"
.png, id=414, 575.14874pt x 78.2925pt>
File: "C:/Users/Jakovcheski/Desktop/Stanford NER output/OneAnnotationAbstractBa
seOnPageRank/""/Top20Links/All3DomainsCoarseGrainedRunnedWithSportCoarseGrained
-tsv".png Graphic file (type png)
<use "C:/Users/Jakovcheski/Desktop/Stanford NER output/OneAnnotationAbstractBas
eOnPageRank/""/Top20Links/All3DomainsCoarseGrainedRunnedWithSportCoarseGrained-
tsv".png>
Package pdftex.def Info: "C:/Users/Jakovcheski/Desktop/Stanford NER output/OneA
nnotationAbstractBaseOnPageRank/""/Top20Links/All3DomainsCoarseGrainedRunnedWit
hSportCoarseGrained-tsv".png  used on input line 260.
(pdftex.def)             Requested size: 369.0pt x 50.23126pt.
<"C:/Users/Jakovcheski/Desktop/Stanford NER output/OneAnnotationAbstractBaseOnP
ageRank/""/Top20Links/All3DomainsCoarseGrainedRunnedWithTransportationCoarseGra
ined-tsv".png, id=415, 572.73975pt x 87.32625pt>
File: "C:/Users/Jakovcheski/Desktop/Stanford NER output/OneAnnotationAbstractBa
seOnPageRank/""/Top20Links/All3DomainsCoarseGrainedRunnedWithTransportationCoar
seGrained-tsv".png Graphic file (type png)
<use "C:/Users/Jakovcheski/Desktop/Stanford NER output/OneAnnotationAbstractBas
eOnPageRank/""/Top20Links/All3DomainsCoarseGrainedRunnedWithTransportationCoars
eGrained-tsv".png>
Package pdftex.def Info: "C:/Users/Jakovcheski/Desktop/Stanford NER output/OneA
nnotationAbstractBaseOnPageRank/""/Top20Links/All3DomainsCoarseGrainedRunnedWit
hTransportationCoarseGrained-tsv".png  used on input line 264.
(pdftex.def)             Requested size: 369.0pt x 56.26303pt.

Underfull \vbox (badness 10000) has occurred while \output is active []

 [13pdfTeX warning (ext4): destination with the same identifier (name{figure.3.
16}) has been already used, duplicate ignored

\AtBegShi@Output ...ipout \box \AtBeginShipoutBox 
                                                  \fi \fi 
l.266 	\end{figure}
                   pdfTeX warning (ext4): destination with the same identifier 
(name{figure.3.17}) has been already used, duplicate ignored

\AtBegShi@Output ...ipout \box \AtBeginShipoutBox 
                                                  \fi \fi 
l.266 	\end{figure}
                    <C:/Users/Jakovcheski/Desktop/Stanford NER output/OneAnnota
tionAbstractBaseOnPageRank//Top20Links/All3DomainsCoarseGrainedRunnedWithAll3Do
mainsCoarseGrained-tsv.png> <C:/Users/Jakovcheski/Desktop/Stanford NER output/O
neAnnotationAbstractBaseOnPageRank//Top20Links/All3DomainsCoarseGrainedRunnedWi
thPoliticsCoarseGrained-tsv.png>]
<"C:/Users/Jakovcheski/Desktop/Stanford NER output/OneAnnotationAbstractBaseOnP
ageRank/""/Top20Links/All3DomainsFineGrainedRunnedWithAll3DomainsFineGrained-ts
v".png, id=431, 576.9555pt x 192.72pt>
File: "C:/Users/Jakovcheski/Desktop/Stanford NER output/OneAnnotationAbstractBa
seOnPageRank/""/Top20Links/All3DomainsFineGrainedRunnedWithAll3DomainsFineGrain
ed-tsv".png Graphic file (type png)
<use "C:/Users/Jakovcheski/Desktop/Stanford NER output/OneAnnotationAbstractBas
eOnPageRank/""/Top20Links/All3DomainsFineGrainedRunnedWithAll3DomainsFineGraine
d-tsv".png>
Package pdftex.def Info: "C:/Users/Jakovcheski/Desktop/Stanford NER output/OneA
nnotationAbstractBaseOnPageRank/""/Top20Links/All3DomainsFineGrainedRunnedWithA
ll3DomainsFineGrained-tsv".png  used on input line 274.
(pdftex.def)             Requested size: 369.0pt x 123.25803pt.
<"C:/Users/Jakovcheski/Desktop/Stanford NER output/OneAnnotationAbstractBaseOnP
ageRank/""/Top20Links/All3DomainsFineGrainedRunnedWithPoliticsFineGrained-tsv".
png, id=432, 575.14874pt x 97.5645pt>
File: "C:/Users/Jakovcheski/Desktop/Stanford NER output/OneAnnotationAbstractBa
seOnPageRank/""/Top20Links/All3DomainsFineGrainedRunnedWithPoliticsFineGrained-
tsv".png Graphic file (type png)
<use "C:/Users/Jakovcheski/Desktop/Stanford NER output/OneAnnotationAbstractBas
eOnPageRank/""/Top20Links/All3DomainsFineGrainedRunnedWithPoliticsFineGrained-t
sv".png>
Package pdftex.def Info: "C:/Users/Jakovcheski/Desktop/Stanford NER output/OneA
nnotationAbstractBaseOnPageRank/""/Top20Links/All3DomainsFineGrainedRunnedWithP
oliticsFineGrained-tsv".png  used on input line 278.
(pdftex.def)             Requested size: 369.0pt x 62.59587pt.

Underfull \vbox (badness 10000) has occurred while \output is active []

 [14pdfTeX warning (ext4): destination with the same identifier (name{figure.3.
18}) has been already used, duplicate ignored

\AtBegShi@Output ...ipout \box \AtBeginShipoutBox 
                                                  \fi \fi 
l.280 	\end{figure}
                   	pdfTeX warning (ext4): destination with the same identifier
 (name{figure.3.19}) has been already used, duplicate ignored

\AtBegShi@Output ...ipout \box \AtBeginShipoutBox 
                                                  \fi \fi 
l.280 	\end{figure}
                   	 <C:/Users/Jakovcheski/Desktop/Stanford NER output/OneAnnot
ationAbstractBaseOnPageRank//Top20Links/All3DomainsCoarseGrainedRunnedWithSport
CoarseGrained-tsv.png> <C:/Users/Jakovcheski/Desktop/Stanford NER output/OneAnn
otationAbstractBaseOnPageRank//Top20Links/All3DomainsCoarseGrainedRunnedWithTra
nsportationCoarseGrained-tsv.png>]
<"C:/Users/Jakovcheski/Desktop/Stanford NER output/OneAnnotationAbstractBaseOnP
ageRank/""/Top20Links/All3DomainsFineGrainedRunnedWithSportFineGrained-tsv".png
, id=439, 576.9555pt x 125.268pt>
File: "C:/Users/Jakovcheski/Desktop/Stanford NER output/OneAnnotationAbstractBa
seOnPageRank/""/Top20Links/All3DomainsFineGrainedRunnedWithSportFineGrained-tsv
".png Graphic file (type png)
<use "C:/Users/Jakovcheski/Desktop/Stanford NER output/OneAnnotationAbstractBas
eOnPageRank/""/Top20Links/All3DomainsFineGrainedRunnedWithSportFineGrained-tsv"
.png>
Package pdftex.def Info: "C:/Users/Jakovcheski/Desktop/Stanford NER output/OneA
nnotationAbstractBaseOnPageRank/""/Top20Links/All3DomainsFineGrainedRunnedWithS
portFineGrained-tsv".png  used on input line 282.
(pdftex.def)             Requested size: 369.0pt x 80.11772pt.
<"C:/Users/Jakovcheski/Desktop/Stanford NER output/OneAnnotationAbstractBaseOnP
ageRank/""/Top20Links/All3DomainsFineGrainedRunnedWithTransportationFineGrained
-tsv".png, id=440, 576.35326pt x 125.87025pt>
File: "C:/Users/Jakovcheski/Desktop/Stanford NER output/OneAnnotationAbstractBa
seOnPageRank/""/Top20Links/All3DomainsFineGrainedRunnedWithTransportationFineGr
ained-tsv".png Graphic file (type png)
<use "C:/Users/Jakovcheski/Desktop/Stanford NER output/OneAnnotationAbstractBas
eOnPageRank/""/Top20Links/All3DomainsFineGrainedRunnedWithTransportationFineGra
ined-tsv".png>
Package pdftex.def Info: "C:/Users/Jakovcheski/Desktop/Stanford NER output/OneA
nnotationAbstractBaseOnPageRank/""/Top20Links/All3DomainsFineGrainedRunnedWithT
ransportationFineGrained-tsv".png  used on input line 286.
(pdftex.def)             Requested size: 369.0pt x 80.58548pt.
<"C:/Users/Jakovcheski/Desktop/Stanford NER output/OneAnnotationAbstractBaseOnP
ageRank/""/Top20Links/PoliticsCoarseGrainedRunnedWithPoliticsCoarseGrained-tsv"
.png, id=446, 573.94424pt x 78.2925pt>
File: "C:/Users/Jakovcheski/Desktop/Stanford NER output/OneAnnotationAbstractBa
seOnPageRank/""/Top20Links/PoliticsCoarseGrainedRunnedWithPoliticsCoarseGrained
-tsv".png Graphic file (type png)
<use "C:/Users/Jakovcheski/Desktop/Stanford NER output/OneAnnotationAbstractBas
eOnPageRank/""/Top20Links/PoliticsCoarseGrainedRunnedWithPoliticsCoarseGrained-
tsv".png>
Package pdftex.def Info: "C:/Users/Jakovcheski/Desktop/Stanford NER output/OneA
nnotationAbstractBaseOnPageRank/""/Top20Links/PoliticsCoarseGrainedRunnedWithPo
liticsCoarseGrained-tsv".png  used on input line 293.
(pdftex.def)             Requested size: 369.0pt x 50.33519pt.
 [15pdfTeX warning (ext4): destination with the same identifier (name{figure.3.
20}) has been already used, duplicate ignored

\AtBegShi@Output ...ipout \box \AtBeginShipoutBox 
                                                  \fi \fi 
l.295 	\end{figure}
                   	pdfTeX warning (ext4): destination with the same identifier
 (name{figure.3.21}) has been already used, duplicate ignored

\AtBegShi@Output ...ipout \box \AtBeginShipoutBox 
                                                  \fi \fi 
l.295 	\end{figure}
                   	pdfTeX warning (ext4): destination with the same identifier
 (name{figure.3.22}) has been already used, duplicate ignored

\AtBegShi@Output ...ipout \box \AtBeginShipoutBox 
                                                  \fi \fi 
l.295 	\end{figure}
                   	pdfTeX warning (ext4): destination with the same identifier
 (name{figure.3.23}) has been already used, duplicate ignored

\AtBegShi@Output ...ipout \box \AtBeginShipoutBox 
                                                  \fi \fi 
l.295 	\end{figure}
                   	 <C:/Users/Jakovcheski/Desktop/Stanford NER output/OneAnnot
ationAbstractBaseOnPageRank//Top20Links/All3DomainsFineGrainedRunnedWithAll3Dom
ainsFineGrained-tsv.png> <C:/Users/Jakovcheski/Desktop/Stanford NER output/OneA
nnotationAbstractBaseOnPageRank//Top20Links/All3DomainsFineGrainedRunnedWithPol
iticsFineGrained-tsv.png> <C:/Users/Jakovcheski/Desktop/Stanford NER output/One
AnnotationAbstractBaseOnPageRank//Top20Links/All3DomainsFineGrainedRunnedWithSp
ortFineGrained-tsv.png> <C:/Users/Jakovcheski/Desktop/Stanford NER output/OneAn
notationAbstractBaseOnPageRank//Top20Links/All3DomainsFineGrainedRunnedWithTran
sportationFineGrained-tsv.png>]
<"C:/Users/Jakovcheski/Desktop/Stanford NER output/OneAnnotationAbstractBaseOnP
ageRank/""/Top20Links/PoliticsFineGrainedRunnedWithPoliticsFineGrained-tsv".png
, id=455, 578.16pt x 96.36pt>
File: "C:/Users/Jakovcheski/Desktop/Stanford NER output/OneAnnotationAbstractBa
seOnPageRank/""/Top20Links/PoliticsFineGrainedRunnedWithPoliticsFineGrained-tsv
".png Graphic file (type png)
<use "C:/Users/Jakovcheski/Desktop/Stanford NER output/OneAnnotationAbstractBas
eOnPageRank/""/Top20Links/PoliticsFineGrainedRunnedWithPoliticsFineGrained-tsv"
.png>
Package pdftex.def Info: "C:/Users/Jakovcheski/Desktop/Stanford NER output/OneA
nnotationAbstractBaseOnPageRank/""/Top20Links/PoliticsFineGrainedRunnedWithPoli
ticsFineGrained-tsv".png  used on input line 298.
(pdftex.def)             Requested size: 369.0pt x 61.4996pt.
<"C:/Users/Jakovcheski/Desktop/Stanford NER output/OneAnnotationAbstractBaseOnP
ageRank/""/Top20Links/SportCoarseGrainedRunnedWithSportCoarseGrained-tsv".png, 
id=462, 574.5465pt x 77.69025pt>
File: "C:/Users/Jakovcheski/Desktop/Stanford NER output/OneAnnotationAbstractBa
seOnPageRank/""/Top20Links/SportCoarseGrainedRunnedWithSportCoarseGrained-tsv".
png Graphic file (type png)
<use "C:/Users/Jakovcheski/Desktop/Stanford NER output/OneAnnotationAbstractBas
eOnPageRank/""/Top20Links/SportCoarseGrainedRunnedWithSportCoarseGrained-tsv".p
ng>
Package pdftex.def Info: "C:/Users/Jakovcheski/Desktop/Stanford NER output/OneA
nnotationAbstractBaseOnPageRank/""/Top20Links/SportCoarseGrainedRunnedWithSport
CoarseGrained-tsv".png  used on input line 304.
(pdftex.def)             Requested size: 369.0pt x 49.89702pt.
<"C:/Users/Jakovcheski/Desktop/Stanford NER output/OneAnnotationAbstractBaseOnP
ageRank/""/Top20Links/SportFineGrainedRunnedWithSportFineGrained-tsv".png, id=4
63, 579.3645pt x 127.07475pt>
File: "C:/Users/Jakovcheski/Desktop/Stanford NER output/OneAnnotationAbstractBa
seOnPageRank/""/Top20Links/SportFineGrainedRunnedWithSportFineGrained-tsv".png 
Graphic file (type png)
<use "C:/Users/Jakovcheski/Desktop/Stanford NER output/OneAnnotationAbstractBas
eOnPageRank/""/Top20Links/SportFineGrainedRunnedWithSportFineGrained-tsv".png>
Package pdftex.def Info: "C:/Users/Jakovcheski/Desktop/Stanford NER output/OneA
nnotationAbstractBaseOnPageRank/""/Top20Links/SportFineGrainedRunnedWithSportFi
neGrained-tsv".png  used on input line 309.
(pdftex.def)             Requested size: 369.0pt x 80.93587pt.
 [16pdfTeX warning (ext4): destination with the same identifier (name{figure.3.
24}) has been already used, duplicate ignored

\AtBegShi@Output ...ipout \box \AtBeginShipoutBox 
                                                  \fi \fi 
l.312 	
       pdfTeX warning (ext4): destination with the same identifier (name{figure
.3.25}) has been already used, duplicate ignored

\AtBegShi@Output ...ipout \box \AtBeginShipoutBox 
                                                  \fi \fi 
l.312 	
       pdfTeX warning (ext4): destination with the same identifier (name{figure
.3.26}) has been already used, duplicate ignored

\AtBegShi@Output ...ipout \box \AtBeginShipoutBox 
                                                  \fi \fi 
l.312 	
        <C:/Users/Jakovcheski/Desktop/Stanford NER output/OneAnnotationAbstract
BaseOnPageRank//Top20Links/PoliticsCoarseGrainedRunnedWithPoliticsCoarseGrained
-tsv.png> <C:/Users/Jakovcheski/Desktop/Stanford NER output/OneAnnotationAbstra
ctBaseOnPageRank//Top20Links/PoliticsFineGrainedRunnedWithPoliticsFineGrained-t
sv.png> <C:/Users/Jakovcheski/Desktop/Stanford NER output/OneAnnotationAbstract
BaseOnPageRank//Top20Links/SportCoarseGrainedRunnedWithSportCoarseGrained-tsv.p
ng>]
<"C:/Users/Jakovcheski/Desktop/Stanford NER output/OneAnnotationAbstractBaseOnP
ageRank/""/Top20Links/TransportationCoarseGrainedRunnedWithTransportationCoarse
Grained-tsv".png, id=476, 575.14874pt x 78.2925pt>
File: "C:/Users/Jakovcheski/Desktop/Stanford NER output/OneAnnotationAbstractBa
seOnPageRank/""/Top20Links/TransportationCoarseGrainedRunnedWithTransportationC
oarseGrained-tsv".png Graphic file (type png)
<use "C:/Users/Jakovcheski/Desktop/Stanford NER output/OneAnnotationAbstractBas
eOnPageRank/""/Top20Links/TransportationCoarseGrainedRunnedWithTransportationCo
arseGrained-tsv".png>
Package pdftex.def Info: "C:/Users/Jakovcheski/Desktop/Stanford NER output/OneA
nnotationAbstractBaseOnPageRank/""/Top20Links/TransportationCoarseGrainedRunned
WithTransportationCoarseGrained-tsv".png  used on input line 316.
(pdftex.def)             Requested size: 369.0pt x 50.23126pt.
<"C:/Users/Jakovcheski/Desktop/Stanford NER output/OneAnnotationAbstractBaseOnP
ageRank/""/Top20Links/TransportationFineGrainedRunnedWithTransportationFineGrai
ned-tsv".png, id=477, 578.76225pt x 116.23425pt>
File: "C:/Users/Jakovcheski/Desktop/Stanford NER output/OneAnnotationAbstractBa
seOnPageRank/""/Top20Links/TransportationFineGrainedRunnedWithTransportationFin
eGrained-tsv".png Graphic file (type png)
<use "C:/Users/Jakovcheski/Desktop/Stanford NER output/OneAnnotationAbstractBas
eOnPageRank/""/Top20Links/TransportationFineGrainedRunnedWithTransportationFine
Grained-tsv".png>
Package pdftex.def Info: "C:/Users/Jakovcheski/Desktop/Stanford NER output/OneA
nnotationAbstractBaseOnPageRank/""/Top20Links/TransportationFineGrainedRunnedWi
thTransportationFineGrained-tsv".png  used on input line 321.
(pdftex.def)             Requested size: 369.0pt x 74.10765pt.
<"C:/Users/Jakovcheski/Desktop/Stanford NER output/OneAnnotationAbstractBaseOnP
ageRank/""/Top40Links/All3DomainsCoarseGrainedRunnedWithAll3DomainsCoarseGraine
d-tsv".png, id=478, 575.751pt x 98.769pt>
File: "C:/Users/Jakovcheski/Desktop/Stanford NER output/OneAnnotationAbstractBa
seOnPageRank/""/Top40Links/All3DomainsCoarseGrainedRunnedWithAll3DomainsCoarseG
rained-tsv".png Graphic file (type png)
<use "C:/Users/Jakovcheski/Desktop/Stanford NER output/OneAnnotationAbstractBas
eOnPageRank/""/Top40Links/All3DomainsCoarseGrainedRunnedWithAll3DomainsCoarseGr
ained-tsv".png>
Package pdftex.def Info: "C:/Users/Jakovcheski/Desktop/Stanford NER output/OneA
nnotationAbstractBaseOnPageRank/""/Top40Links/All3DomainsCoarseGrainedRunnedWit
hAll3DomainsCoarseGrained-tsv".png  used on input line 331.
(pdftex.def)             Requested size: 369.0pt x 63.30386pt.

Underfull \vbox (badness 10000) has occurred while \output is active []

 [17pdfTeX warning (ext4): destination with the same identifier (name{figure.3.
27}) has been already used, duplicate ignored

\AtBegShi@Output ...ipout \box \AtBeginShipoutBox 
                                                  \fi \fi 
l.334 
      pdfTeX warning (ext4): destination with the same identifier (name{figure.
3.28}) has been already used, duplicate ignored

\AtBegShi@Output ...ipout \box \AtBeginShipoutBox 
                                                  \fi \fi 
l.334 
      pdfTeX warning (ext4): destination with the same identifier (name{figure.
3.29}) has been already used, duplicate ignored

\AtBegShi@Output ...ipout \box \AtBeginShipoutBox 
                                                  \fi \fi 
l.334 
       <C:/Users/Jakovcheski/Desktop/Stanford NER output/OneAnnotationAbstractB
aseOnPageRank//Top20Links/SportFineGrainedRunnedWithSportFineGrained-tsv.png> <
C:/Users/Jakovcheski/Desktop/Stanford NER output/OneAnnotationAbstractBaseOnPag
eRank//Top20Links/TransportationCoarseGrainedRunnedWithTransportationCoarseGrai
ned-tsv.png> <C:/Users/Jakovcheski/Desktop/Stanford NER output/OneAnnotationAbs
tractBaseOnPageRank//Top20Links/TransportationFineGrainedRunnedWithTransportati
onFineGrained-tsv.png>]
<"C:/Users/Jakovcheski/Desktop/Stanford NER output/OneAnnotationAbstractBaseOnP
ageRank/""/Top40Links/All3DomainsCoarseGrainedRunnedWithPoliticsCoarseGrained-t
sv".png, id=487, 574.5465pt x 78.2925pt>
File: "C:/Users/Jakovcheski/Desktop/Stanford NER output/OneAnnotationAbstractBa
seOnPageRank/""/Top40Links/All3DomainsCoarseGrainedRunnedWithPoliticsCoarseGrai
ned-tsv".png Graphic file (type png)
<use "C:/Users/Jakovcheski/Desktop/Stanford NER output/OneAnnotationAbstractBas
eOnPageRank/""/Top40Links/All3DomainsCoarseGrainedRunnedWithPoliticsCoarseGrain
ed-tsv".png>
Package pdftex.def Info: "C:/Users/Jakovcheski/Desktop/Stanford NER output/OneA
nnotationAbstractBaseOnPageRank/""/Top40Links/All3DomainsCoarseGrainedRunnedWit
hPoliticsCoarseGrained-tsv".png  used on input line 338.
(pdftex.def)             Requested size: 369.0pt x 50.28383pt.
<"C:/Users/Jakovcheski/Desktop/Stanford NER output/OneAnnotationAbstractBaseOnP
ageRank/""/Top40Links/All3DomainsCoarseGrainedRunnedWithSportCoarseGrained-tsv"
.png, id=488, 573.342pt x 78.89474pt>
File: "C:/Users/Jakovcheski/Desktop/Stanford NER output/OneAnnotationAbstractBa
seOnPageRank/""/Top40Links/All3DomainsCoarseGrainedRunnedWithSportCoarseGrained
-tsv".png Graphic file (type png)
<use "C:/Users/Jakovcheski/Desktop/Stanford NER output/OneAnnotationAbstractBas
eOnPageRank/""/Top40Links/All3DomainsCoarseGrainedRunnedWithSportCoarseGrained-
tsv".png>
Package pdftex.def Info: "C:/Users/Jakovcheski/Desktop/Stanford NER output/OneA
nnotationAbstractBaseOnPageRank/""/Top40Links/All3DomainsCoarseGrainedRunnedWit
hSportCoarseGrained-tsv".png  used on input line 345.
(pdftex.def)             Requested size: 369.0pt x 50.77776pt.
<"C:/Users/Jakovcheski/Desktop/Stanford NER output/OneAnnotationAbstractBaseOnP
ageRank/""/Top40Links/All3DomainsCoarseGrainedRunnedWithTransportationCoarseGra
ined-tsv".png, id=489, 573.94424pt x 88.53075pt>
File: "C:/Users/Jakovcheski/Desktop/Stanford NER output/OneAnnotationAbstractBa
seOnPageRank/""/Top40Links/All3DomainsCoarseGrainedRunnedWithTransportationCoar
seGrained-tsv".png Graphic file (type png)
<use "C:/Users/Jakovcheski/Desktop/Stanford NER output/OneAnnotationAbstractBas
eOnPageRank/""/Top40Links/All3DomainsCoarseGrainedRunnedWithTransportationCoars
eGrained-tsv".png>
Package pdftex.def Info: "C:/Users/Jakovcheski/Desktop/Stanford NER output/OneA
nnotationAbstractBaseOnPageRank/""/Top40Links/All3DomainsCoarseGrainedRunnedWit
hTransportationCoarseGrained-tsv".png  used on input line 352.
(pdftex.def)             Requested size: 369.0pt x 56.91748pt.
<"C:/Users/Jakovcheski/Desktop/Stanford NER output/OneAnnotationAbstractBaseOnP
ageRank/""/Top40Links/All3DomainsFineGrainedRunnedWithAll3DomainsFineGrained-ts
v".png, id=490, 578.16pt x 204.16275pt>
File: "C:/Users/Jakovcheski/Desktop/Stanford NER output/OneAnnotationAbstractBa
seOnPageRank/""/Top40Links/All3DomainsFineGrainedRunnedWithAll3DomainsFineGrain
ed-tsv".png Graphic file (type png)
<use "C:/Users/Jakovcheski/Desktop/Stanford NER output/OneAnnotationAbstractBas
eOnPageRank/""/Top40Links/All3DomainsFineGrainedRunnedWithAll3DomainsFineGraine
d-tsv".png>
Package pdftex.def Info: "C:/Users/Jakovcheski/Desktop/Stanford NER output/OneA
nnotationAbstractBaseOnPageRank/""/Top40Links/All3DomainsFineGrainedRunnedWithA
ll3DomainsFineGrained-tsv".png  used on input line 359.
(pdftex.def)             Requested size: 369.0pt x 130.30234pt.
 [18pdfTeX warning (ext4): destination with the same identifier (name{figure.3.
30}) has been already used, duplicate ignored

\AtBegShi@Output ...ipout \box \AtBeginShipoutBox 
                                                  \fi \fi 
l.362 	
       pdfTeX warning (ext4): destination with the same identifier (name{figure
.3.31}) has been already used, duplicate ignored

\AtBegShi@Output ...ipout \box \AtBeginShipoutBox 
                                                  \fi \fi 
l.362 	
       pdfTeX warning (ext4): destination with the same identifier (name{figure
.3.32}) has been already used, duplicate ignored

\AtBegShi@Output ...ipout \box \AtBeginShipoutBox 
                                                  \fi \fi 
l.362 	
       pdfTeX warning (ext4): destination with the same identifier (name{figure
.3.33}) has been already used, duplicate ignored

\AtBegShi@Output ...ipout \box \AtBeginShipoutBox 
                                                  \fi \fi 
l.362 	
        <C:/Users/Jakovcheski/Desktop/Stanford NER output/OneAnnotationAbstract
BaseOnPageRank//Top40Links/All3DomainsCoarseGrainedRunnedWithAll3DomainsCoarseG
rained-tsv.png> <C:/Users/Jakovcheski/Desktop/Stanford NER output/OneAnnotation
AbstractBaseOnPageRank//Top40Links/All3DomainsCoarseGrainedRunnedWithPoliticsCo
arseGrained-tsv.png> <C:/Users/Jakovcheski/Desktop/Stanford NER output/OneAnnot
ationAbstractBaseOnPageRank//Top40Links/All3DomainsCoarseGrainedRunnedWithSport
CoarseGrained-tsv.png> <C:/Users/Jakovcheski/Desktop/Stanford NER output/OneAnn
otationAbstractBaseOnPageRank//Top40Links/All3DomainsCoarseGrainedRunnedWithTra
nsportationCoarseGrained-tsv.png>]
<"C:/Users/Jakovcheski/Desktop/Stanford NER output/OneAnnotationAbstractBaseOnP
ageRank/""/Top40Links/All3DomainsFineGrainedRunnedWithPoliticsFineGrained-tsv".
png, id=499, 576.35326pt x 98.16675pt>
File: "C:/Users/Jakovcheski/Desktop/Stanford NER output/OneAnnotationAbstractBa
seOnPageRank/""/Top40Links/All3DomainsFineGrainedRunnedWithPoliticsFineGrained-
tsv".png Graphic file (type png)
<use "C:/Users/Jakovcheski/Desktop/Stanford NER output/OneAnnotationAbstractBas
eOnPageRank/""/Top40Links/All3DomainsFineGrainedRunnedWithPoliticsFineGrained-t
sv".png>
Package pdftex.def Info: "C:/Users/Jakovcheski/Desktop/Stanford NER output/OneA
nnotationAbstractBaseOnPageRank/""/Top40Links/All3DomainsFineGrainedRunnedWithP
oliticsFineGrained-tsv".png  used on input line 366.
(pdftex.def)             Requested size: 369.0pt x 62.84897pt.
<"C:/Users/Jakovcheski/Desktop/Stanford NER output/OneAnnotationAbstractBaseOnP
ageRank/""/Top40Links/All3DomainsFineGrainedRunnedWithSportFineGrained-tsv".png
, id=500, 575.751pt x 127.677pt>
File: "C:/Users/Jakovcheski/Desktop/Stanford NER output/OneAnnotationAbstractBa
seOnPageRank/""/Top40Links/All3DomainsFineGrainedRunnedWithSportFineGrained-tsv
".png Graphic file (type png)
<use "C:/Users/Jakovcheski/Desktop/Stanford NER output/OneAnnotationAbstractBas
eOnPageRank/""/Top40Links/All3DomainsFineGrainedRunnedWithSportFineGrained-tsv"
.png>
Package pdftex.def Info: "C:/Users/Jakovcheski/Desktop/Stanford NER output/OneA
nnotationAbstractBaseOnPageRank/""/Top40Links/All3DomainsFineGrainedRunnedWithS
portFineGrained-tsv".png  used on input line 373.
(pdftex.def)             Requested size: 369.0pt x 81.83183pt.
<"C:/Users/Jakovcheski/Desktop/Stanford NER output/OneAnnotationAbstractBaseOnP
ageRank/""/Top40Links/All3DomainsFineGrainedRunnedWithTransportationFineGrained
-tsv".png, id=501, 575.751pt x 145.14224pt>
File: "C:/Users/Jakovcheski/Desktop/Stanford NER output/OneAnnotationAbstractBa
seOnPageRank/""/Top40Links/All3DomainsFineGrainedRunnedWithTransportationFineGr
ained-tsv".png Graphic file (type png)
<use "C:/Users/Jakovcheski/Desktop/Stanford NER output/OneAnnotationAbstractBas
eOnPageRank/""/Top40Links/All3DomainsFineGrainedRunnedWithTransportationFineGra
ined-tsv".png>
Package pdftex.def Info: "C:/Users/Jakovcheski/Desktop/Stanford NER output/OneA
nnotationAbstractBaseOnPageRank/""/Top40Links/All3DomainsFineGrainedRunnedWithT
ransportationFineGrained-tsv".png  used on input line 380.
(pdftex.def)             Requested size: 369.0pt x 93.0258pt.

Underfull \vbox (badness 5260) has occurred while \output is active []

 [19pdfTeX warning (ext4): destination with the same identifier (name{figure.3.
34}) has been already used, duplicate ignored

\AtBegShi@Output ...ipout \box \AtBeginShipoutBox 
                                                  \fi \fi 
l.383 	
       pdfTeX warning (ext4): destination with the same identifier (name{figure
.3.35}) has been already used, duplicate ignored

\AtBegShi@Output ...ipout \box \AtBeginShipoutBox 
                                                  \fi \fi 
l.383 	
       pdfTeX warning (ext4): destination with the same identifier (name{figure
.3.36}) has been already used, duplicate ignored

\AtBegShi@Output ...ipout \box \AtBeginShipoutBox 
                                                  \fi \fi 
l.383 	
        <C:/Users/Jakovcheski/Desktop/Stanford NER output/OneAnnotationAbstract
BaseOnPageRank//Top40Links/All3DomainsFineGrainedRunnedWithAll3DomainsFineGrain
ed-tsv.png> <C:/Users/Jakovcheski/Desktop/Stanford NER output/OneAnnotationAbst
ractBaseOnPageRank//Top40Links/All3DomainsFineGrainedRunnedWithPoliticsFineGrai
ned-tsv.png> <C:/Users/Jakovcheski/Desktop/Stanford NER output/OneAnnotationAbs
tractBaseOnPageRank//Top40Links/All3DomainsFineGrainedRunnedWithSportFineGraine
d-tsv.png>]
<"C:/Users/Jakovcheski/Desktop/Stanford NER output/OneAnnotationAbstractBaseOnP
ageRank/""/Top40Links/PoliticsCoarseGrainedRunnedWithPoliticsCoarseGrained-tsv"
.png, id=509, 573.94424pt x 77.088pt>
File: "C:/Users/Jakovcheski/Desktop/Stanford NER output/OneAnnotationAbstractBa
seOnPageRank/""/Top40Links/PoliticsCoarseGrainedRunnedWithPoliticsCoarseGrained
-tsv".png Graphic file (type png)
<use "C:/Users/Jakovcheski/Desktop/Stanford NER output/OneAnnotationAbstractBas
eOnPageRank/""/Top40Links/PoliticsCoarseGrainedRunnedWithPoliticsCoarseGrained-
tsv".png>
Package pdftex.def Info: "C:/Users/Jakovcheski/Desktop/Stanford NER output/OneA
nnotationAbstractBaseOnPageRank/""/Top40Links/PoliticsCoarseGrainedRunnedWithPo
liticsCoarseGrained-tsv".png  used on input line 387.
(pdftex.def)             Requested size: 369.0pt x 49.5608pt.
<"C:/Users/Jakovcheski/Desktop/Stanford NER output/OneAnnotationAbstractBaseOnP
ageRank/""/Top40Links/PoliticsFineGrainedRunnedWithPoliticsFineGrained-tsv".png
, id=510, 579.3645pt x 96.36pt>
File: "C:/Users/Jakovcheski/Desktop/Stanford NER output/OneAnnotationAbstractBa
seOnPageRank/""/Top40Links/PoliticsFineGrainedRunnedWithPoliticsFineGrained-tsv
".png Graphic file (type png)
<use "C:/Users/Jakovcheski/Desktop/Stanford NER output/OneAnnotationAbstractBas
eOnPageRank/""/Top40Links/PoliticsFineGrainedRunnedWithPoliticsFineGrained-tsv"
.png>
Package pdftex.def Info: "C:/Users/Jakovcheski/Desktop/Stanford NER output/OneA
nnotationAbstractBaseOnPageRank/""/Top40Links/PoliticsFineGrainedRunnedWithPoli
ticsFineGrained-tsv".png  used on input line 394.
(pdftex.def)             Requested size: 369.0pt x 61.37315pt.
<"C:/Users/Jakovcheski/Desktop/Stanford NER output/OneAnnotationAbstractBaseOnP
ageRank/""/Top40Links/SportCoarseGrainedRunnedWithSportCoarseGrained-tsv".png, 
id=511, 574.5465pt x 77.088pt>
File: "C:/Users/Jakovcheski/Desktop/Stanford NER output/OneAnnotationAbstractBa
seOnPageRank/""/Top40Links/SportCoarseGrainedRunnedWithSportCoarseGrained-tsv".
png Graphic file (type png)
<use "C:/Users/Jakovcheski/Desktop/Stanford NER output/OneAnnotationAbstractBas
eOnPageRank/""/Top40Links/SportCoarseGrainedRunnedWithSportCoarseGrained-tsv".p
ng>
Package pdftex.def Info: "C:/Users/Jakovcheski/Desktop/Stanford NER output/OneA
nnotationAbstractBaseOnPageRank/""/Top40Links/SportCoarseGrainedRunnedWithSport
CoarseGrained-tsv".png  used on input line 402.
(pdftex.def)             Requested size: 369.0pt x 49.51022pt.
<"C:/Users/Jakovcheski/Desktop/Stanford NER output/OneAnnotationAbstractBaseOnP
ageRank/""/Top40Links/SportFineGrainedRunnedWithSportFineGrained-tsv".png, id=5
12, 576.9555pt x 126.4725pt>
File: "C:/Users/Jakovcheski/Desktop/Stanford NER output/OneAnnotationAbstractBa
seOnPageRank/""/Top40Links/SportFineGrainedRunnedWithSportFineGrained-tsv".png 
Graphic file (type png)
<use "C:/Users/Jakovcheski/Desktop/Stanford NER output/OneAnnotationAbstractBas
eOnPageRank/""/Top40Links/SportFineGrainedRunnedWithSportFineGrained-tsv".png>
Package pdftex.def Info: "C:/Users/Jakovcheski/Desktop/Stanford NER output/OneA
nnotationAbstractBaseOnPageRank/""/Top40Links/SportFineGrainedRunnedWithSportFi
neGrained-tsv".png  used on input line 409.
(pdftex.def)             Requested size: 369.0pt x 80.88808pt.
 [20pdfTeX warning (ext4): destination with the same identifier (name{figure.3.
37}) has been already used, duplicate ignored

\AtBegShi@Output ...ipout \box \AtBeginShipoutBox 
                                                  \fi \fi 
l.412 	
       pdfTeX warning (ext4): destination with the same identifier (name{figure
.3.38}) has been already used, duplicate ignored

\AtBegShi@Output ...ipout \box \AtBeginShipoutBox 
                                                  \fi \fi 
l.412 	
       pdfTeX warning (ext4): destination with the same identifier (name{figure
.3.39}) has been already used, duplicate ignored

\AtBegShi@Output ...ipout \box \AtBeginShipoutBox 
                                                  \fi \fi 
l.412 	
       pdfTeX warning (ext4): destination with the same identifier (name{figure
.3.40}) has been already used, duplicate ignored

\AtBegShi@Output ...ipout \box \AtBeginShipoutBox 
                                                  \fi \fi 
l.412 	
        <C:/Users/Jakovcheski/Desktop/Stanford NER output/OneAnnotationAbstract
BaseOnPageRank//Top40Links/All3DomainsFineGrainedRunnedWithTransportationFineGr
ained-tsv.png> <C:/Users/Jakovcheski/Desktop/Stanford NER output/OneAnnotationA
bstractBaseOnPageRank//Top40Links/PoliticsCoarseGrainedRunnedWithPoliticsCoarse
Grained-tsv.png> <C:/Users/Jakovcheski/Desktop/Stanford NER output/OneAnnotatio
nAbstractBaseOnPageRank//Top40Links/PoliticsFineGrainedRunnedWithPoliticsFineGr
ained-tsv.png> <C:/Users/Jakovcheski/Desktop/Stanford NER output/OneAnnotationA
bstractBaseOnPageRank//Top40Links/SportCoarseGrainedRunnedWithSportCoarseGraine
d-tsv.png>]
<"C:/Users/Jakovcheski/Desktop/Stanford NER output/OneAnnotationAbstractBaseOnP
ageRank/""/Top40Links/TransportationCoarseGrainedRunnedWithTransportationCoarse
Grained-tsv".png, id=521, 575.14874pt x 77.69025pt>
File: "C:/Users/Jakovcheski/Desktop/Stanford NER output/OneAnnotationAbstractBa
seOnPageRank/""/Top40Links/TransportationCoarseGrainedRunnedWithTransportationC
oarseGrained-tsv".png Graphic file (type png)
<use "C:/Users/Jakovcheski/Desktop/Stanford NER output/OneAnnotationAbstractBas
eOnPageRank/""/Top40Links/TransportationCoarseGrainedRunnedWithTransportationCo
arseGrained-tsv".png>
Package pdftex.def Info: "C:/Users/Jakovcheski/Desktop/Stanford NER output/OneA
nnotationAbstractBaseOnPageRank/""/Top40Links/TransportationCoarseGrainedRunned
WithTransportationCoarseGrained-tsv".png  used on input line 416.
(pdftex.def)             Requested size: 369.0pt x 49.84485pt.
<"C:/Users/Jakovcheski/Desktop/Stanford NER output/OneAnnotationAbstractBaseOnP
ageRank/""/Top40Links/TransportationFineGrainedRunnedWithTransportationFineGrai
ned-tsv".png, id=522, 576.35326pt x 125.87025pt>
File: "C:/Users/Jakovcheski/Desktop/Stanford NER output/OneAnnotationAbstractBa
seOnPageRank/""/Top40Links/TransportationFineGrainedRunnedWithTransportationFin
eGrained-tsv".png Graphic file (type png)
<use "C:/Users/Jakovcheski/Desktop/Stanford NER output/OneAnnotationAbstractBas
eOnPageRank/""/Top40Links/TransportationFineGrainedRunnedWithTransportationFine
Grained-tsv".png>
Package pdftex.def Info: "C:/Users/Jakovcheski/Desktop/Stanford NER output/OneA
nnotationAbstractBaseOnPageRank/""/Top40Links/TransportationFineGrainedRunnedWi
thTransportationFineGrained-tsv".png  used on input line 423.
(pdftex.def)             Requested size: 369.0pt x 80.58548pt.

Underfull \vbox (badness 10000) has occurred while \output is active []

 [21pdfTeX warning (ext4): destination with the same identifier (name{figure.3.
41}) has been already used, duplicate ignored

\AtBegShi@Output ...ipout \box \AtBeginShipoutBox 
                                                  \fi \fi 
l.1055 \begin{conclusion}
                         pdfTeX warning (ext4): destination with the same ident
ifier (name{figure.3.42}) has been already used, duplicate ignored

\AtBegShi@Output ...ipout \box \AtBeginShipoutBox 
                                                  \fi \fi 
l.1055 \begin{conclusion}
                         pdfTeX warning (ext4): destination with the same ident
ifier (name{figure.3.43}) has been already used, duplicate ignored

\AtBegShi@Output ...ipout \box \AtBeginShipoutBox 
                                                  \fi \fi 
l.1055 \begin{conclusion}
                          <C:/Users/Jakovcheski/Desktop/Stanford NER output/One
AnnotationAbstractBaseOnPageRank//Top40Links/SportFineGrainedRunnedWithSportFin
eGrained-tsv.png> <C:/Users/Jakovcheski/Desktop/Stanford NER output/OneAnnotati
onAbstractBaseOnPageRank//Top40Links/TransportationCoarseGrainedRunnedWithTrans
portationCoarseGrained-tsv.png> <C:/Users/Jakovcheski/Desktop/Stanford NER outp
ut/OneAnnotationAbstractBaseOnPageRank//Top40Links/TransportationFineGrainedRun
nedWithTransportationFineGrained-tsv.png>] [22]
No file Thesis3.bbl.
[23

] [24

] [25]
\tf@toc=\write5
\openout5 = `Thesis3.toc'.

\tf@lof=\write6
\openout6 = `Thesis3.lof'.

Package atveryend Info: Empty hook `BeforeClearDocument' on input line 1106.
Package atveryend Info: Empty hook `AfterLastShipout' on input line 1106.
 (Thesis3.aux)
Package atveryend Info: Executing hook `AtVeryEndDocument' on input line 1106.
Package atveryend Info: Executing hook `AtEndAfterFileList' on input line 1106.



Package rerunfilecheck Warning: File `Thesis3.out' has changed.
(rerunfilecheck)                Rerun to get outlines right
(rerunfilecheck)                or use package `bookmark'.

Package rerunfilecheck Info: Checksums for `Thesis3.out':
(rerunfilecheck)             Before: 426BC3F67FA75B72275C3BA1450EB9A5;3291
(rerunfilecheck)             After:  CA1D2B1F01F3691F34E5BB4BA567782A;6317.

LaTeX Font Warning: Some font shapes were not available, defaults substituted.


LaTeX Warning: There were undefined references.


LaTeX Warning: There were multiply-defined labels.

Package atveryend Info: Empty hook `AtVeryVeryEnd' on input line 1106.
 ) 
Here is how much of TeX's memory you used:
 13249 strings out of 493305
 215792 string characters out of 3127192
 315384 words of memory out of 3000000
 16546 multiletter control sequences out of 15000+200000
 58219 words of font info for 40 fonts, out of 3000000 for 9000
 1141 hyphenation exceptions out of 8191
 37i,11n,29p,1096b,478s stack positions out of 5000i,500n,10000p,200000b,50000s
{C:/Users/Jakovcheski/AppData/Local/Programs/MiKTeX 2.9/fonts/enc/dvips/lm/lm
-rmsc.enc}{C:/Users/Jakovcheski/AppData/Local/Programs/MiKTeX 2.9/fonts/enc/dvi
ps/lm/lm-rm.enc}{C:/Users/Jakovcheski/AppData/Local/Programs/MiKTeX 2.9/fonts/e
nc/dvips/lm/lm-mathsy.enc}<C:/Users/Jakovcheski/AppData/Local/Programs/MiKTeX 2
.9/fonts/type1/public/lm/lmbx10.pfb><C:/Users/Jakovcheski/AppData/Local/Program
s/MiKTeX 2.9/fonts/type1/public/lm/lmbx12.pfb><C:/Users/Jakovcheski/AppData/Loc
al/Programs/MiKTeX 2.9/fonts/type1/public/lm/lmbxi10.pfb><C:/Users/Jakovcheski/
AppData/Local/Programs/MiKTeX 2.9/fonts/type1/public/lm/lmcsc10.pfb><C:/Users/J
akovcheski/AppData/Local/Programs/MiKTeX 2.9/fonts/type1/public/lm/lmr10.pfb><C
:/Users/Jakovcheski/AppData/Local/Programs/MiKTeX 2.9/fonts/type1/public/lm/lmr
12.pfb><C:/Users/Jakovcheski/AppData/Local/Programs/MiKTeX 2.9/fonts/type1/publ
ic/lm/lmri10.pfb><C:/Users/Jakovcheski/AppData/Local/Programs/MiKTeX 2.9/fonts/
type1/public/lm/lmssbx10.pfb><C:/Users/Jakovcheski/AppData/Local/Programs/MiKTe
X 2.9/fonts/type1/public/lm/lmsy10.pfb>
Output written on Thesis3.pdf (39 pages, 824551 bytes).
PDF statistics:
 609 PDF objects out of 1000 (max. 8388607)
 124 named destinations out of 1000 (max. 500000)
 405 words of extra memory for PDF output out of 10000 (max. 10000000)

